2022-08-19 21:53:01,468 INFO  org.apache.flink.runtime.entrypoint.ClusterEntrypoint        [] - --------------------------------------------------------------------------------
2022-08-19 21:53:01,471 INFO  org.apache.flink.runtime.entrypoint.ClusterEntrypoint        [] -  Preconfiguration: 
2022-08-19 21:53:01,471 INFO  org.apache.flink.runtime.entrypoint.ClusterEntrypoint        [] - 


RESOURCE_PARAMS extraction logs:
jvm_params: -Xmx3462817376 -Xms3462817376 -XX:MaxMetaspaceSize=268435456
dynamic_configs: -D jobmanager.memory.off-heap.size=134217728b -D jobmanager.memory.jvm-overhead.min=429496736b -D jobmanager.memory.jvm-metaspace.size=268435456b -D jobmanager.memory.heap.size=3462817376b -D jobmanager.memory.jvm-overhead.max=429496736b
logs: WARNING: sun.reflect.Reflection.getCallerClass is not supported. This will impact performance.
INFO  [] - Loading configuration property: jobmanager.rpc.address, 192.168.1.153
INFO  [] - Loading configuration property: jobmanager.rpc.port, 6123
INFO  [] - Loading configuration property: jobmanager.memory.process.size, 4096m
INFO  [] - Loading configuration property: jobmanager.scheduler, Custom
INFO  [] - Loading configuration property: taskmanager.memory.flink.size, 4096m
INFO  [] - Loading configuration property: taskmanager.numberOfTaskSlots, 2
INFO  [] - Loading configuration property: parallelism.default, 1
INFO  [] - Loading configuration property: state.backend, rocksdb
INFO  [] - Loading configuration property: state.checkpoints.dir, file:////mnt/eestreaming/dependencies/flink-simplified/flinkstate
INFO  [] - Loading configuration property: jobmanager.execution.failover-strategy, region
INFO  [] - Final Master Memory configuration:
INFO  [] -   Total Process Memory: 4.000gb (4294967296 bytes)
INFO  [] -     Total Flink Memory: 3.350gb (3597035104 bytes)
INFO  [] -       JVM Heap:         3.225gb (3462817376 bytes)
INFO  [] -       Off-heap:         128.000mb (134217728 bytes)
INFO  [] -     JVM Metaspace:      256.000mb (268435456 bytes)
INFO  [] -     JVM Overhead:       409.600mb (429496736 bytes)

2022-08-19 21:53:01,472 INFO  org.apache.flink.runtime.entrypoint.ClusterEntrypoint        [] - --------------------------------------------------------------------------------
2022-08-19 21:53:01,495 INFO  org.apache.flink.runtime.entrypoint.ClusterEntrypoint        [] -  Starting StandaloneSessionClusterEntrypoint (Version: 1.14.0, Scala: 2.11, Rev:a369ff4, Date:2022-07-27T23:07:48+02:00)
2022-08-19 21:53:01,496 INFO  org.apache.flink.runtime.entrypoint.ClusterEntrypoint        [] -  OS current user: root
2022-08-19 21:53:01,496 INFO  org.apache.flink.runtime.entrypoint.ClusterEntrypoint        [] -  Current Hadoop/Kerberos user: <no hadoop dependency found>
2022-08-19 21:53:01,497 INFO  org.apache.flink.runtime.entrypoint.ClusterEntrypoint        [] -  JVM: OpenJDK 64-Bit Server VM - Oracle Corporation - 11/11.0.7+10
2022-08-19 21:53:01,503 INFO  org.apache.flink.runtime.entrypoint.ClusterEntrypoint        [] -  Maximum heap size: 3304 MiBytes
2022-08-19 21:53:01,503 INFO  org.apache.flink.runtime.entrypoint.ClusterEntrypoint        [] -  JAVA_HOME: (not set)
2022-08-19 21:53:01,504 INFO  org.apache.flink.runtime.entrypoint.ClusterEntrypoint        [] -  No Hadoop Dependency available
2022-08-19 21:53:01,504 INFO  org.apache.flink.runtime.entrypoint.ClusterEntrypoint        [] -  JVM Options:
2022-08-19 21:53:01,504 INFO  org.apache.flink.runtime.entrypoint.ClusterEntrypoint        [] -     -Xmx3462817376
2022-08-19 21:53:01,504 INFO  org.apache.flink.runtime.entrypoint.ClusterEntrypoint        [] -     -Xms3462817376
2022-08-19 21:53:01,504 INFO  org.apache.flink.runtime.entrypoint.ClusterEntrypoint        [] -     -XX:MaxMetaspaceSize=268435456
2022-08-19 21:53:01,505 INFO  org.apache.flink.runtime.entrypoint.ClusterEntrypoint        [] -     -Dlog.file=/mnt/eestreaming/dependencies/flink-simplified/flink-dist/target/flink-1.14.0-bin/flink-1.14.0/log/flink-root-standalonesession-0-neu-15-3.log
2022-08-19 21:53:01,505 INFO  org.apache.flink.runtime.entrypoint.ClusterEntrypoint        [] -     -Dlog4j.configuration=file:/mnt/eestreaming/dependencies/flink-simplified/flink-dist/target/flink-1.14.0-bin/flink-1.14.0/conf/log4j.properties
2022-08-19 21:53:01,505 INFO  org.apache.flink.runtime.entrypoint.ClusterEntrypoint        [] -     -Dlog4j.configurationFile=file:/mnt/eestreaming/dependencies/flink-simplified/flink-dist/target/flink-1.14.0-bin/flink-1.14.0/conf/log4j.properties
2022-08-19 21:53:01,505 INFO  org.apache.flink.runtime.entrypoint.ClusterEntrypoint        [] -     -Dlogback.configurationFile=file:/mnt/eestreaming/dependencies/flink-simplified/flink-dist/target/flink-1.14.0-bin/flink-1.14.0/conf/logback.xml
2022-08-19 21:53:01,505 INFO  org.apache.flink.runtime.entrypoint.ClusterEntrypoint        [] -  Program Arguments:
2022-08-19 21:53:01,507 INFO  org.apache.flink.runtime.entrypoint.ClusterEntrypoint        [] -     --configDir
2022-08-19 21:53:01,507 INFO  org.apache.flink.runtime.entrypoint.ClusterEntrypoint        [] -     /mnt/eestreaming/dependencies/flink-simplified/flink-dist/target/flink-1.14.0-bin/flink-1.14.0/conf
2022-08-19 21:53:01,507 INFO  org.apache.flink.runtime.entrypoint.ClusterEntrypoint        [] -     --executionMode
2022-08-19 21:53:01,507 INFO  org.apache.flink.runtime.entrypoint.ClusterEntrypoint        [] -     cluster
2022-08-19 21:53:01,507 INFO  org.apache.flink.runtime.entrypoint.ClusterEntrypoint        [] -     -D
2022-08-19 21:53:01,507 INFO  org.apache.flink.runtime.entrypoint.ClusterEntrypoint        [] -     jobmanager.memory.off-heap.size=134217728b
2022-08-19 21:53:01,508 INFO  org.apache.flink.runtime.entrypoint.ClusterEntrypoint        [] -     -D
2022-08-19 21:53:01,508 INFO  org.apache.flink.runtime.entrypoint.ClusterEntrypoint        [] -     jobmanager.memory.jvm-overhead.min=429496736b
2022-08-19 21:53:01,508 INFO  org.apache.flink.runtime.entrypoint.ClusterEntrypoint        [] -     -D
2022-08-19 21:53:01,508 INFO  org.apache.flink.runtime.entrypoint.ClusterEntrypoint        [] -     jobmanager.memory.jvm-metaspace.size=268435456b
2022-08-19 21:53:01,508 INFO  org.apache.flink.runtime.entrypoint.ClusterEntrypoint        [] -     -D
2022-08-19 21:53:01,508 INFO  org.apache.flink.runtime.entrypoint.ClusterEntrypoint        [] -     jobmanager.memory.heap.size=3462817376b
2022-08-19 21:53:01,508 INFO  org.apache.flink.runtime.entrypoint.ClusterEntrypoint        [] -     -D
2022-08-19 21:53:01,509 INFO  org.apache.flink.runtime.entrypoint.ClusterEntrypoint        [] -     jobmanager.memory.jvm-overhead.max=429496736b
2022-08-19 21:53:01,509 INFO  org.apache.flink.runtime.entrypoint.ClusterEntrypoint        [] -  Classpath: /mnt/eestreaming/dependencies/flink-simplified/flink-dist/target/flink-1.14.0-bin/flink-1.14.0/lib/flink-shaded-zookeeper-3.4.14.jar:/mnt/eestreaming/dependencies/flink-simplified/flink-dist/target/flink-1.14.0-bin/flink-1.14.0/lib/log4j-1.2-api-2.14.1.jar:/mnt/eestreaming/dependencies/flink-simplified/flink-dist/target/flink-1.14.0-bin/flink-1.14.0/lib/log4j-api-2.14.1.jar:/mnt/eestreaming/dependencies/flink-simplified/flink-dist/target/flink-1.14.0-bin/flink-1.14.0/lib/log4j-core-2.14.1.jar:/mnt/eestreaming/dependencies/flink-simplified/flink-dist/target/flink-1.14.0-bin/flink-1.14.0/lib/log4j-slf4j-impl-2.14.1.jar:/mnt/eestreaming/dependencies/flink-simplified/flink-dist/target/flink-1.14.0-bin/flink-1.14.0/lib/flink-dist_2.11-1.14.0.jar:::
2022-08-19 21:53:01,509 INFO  org.apache.flink.runtime.entrypoint.ClusterEntrypoint        [] - --------------------------------------------------------------------------------
2022-08-19 21:53:01,511 INFO  org.apache.flink.runtime.entrypoint.ClusterEntrypoint        [] - Registered UNIX signal handlers for [TERM, HUP, INT]
2022-08-19 21:53:01,529 INFO  org.apache.flink.configuration.GlobalConfiguration           [] - Loading configuration property: jobmanager.rpc.address, 192.168.1.153
2022-08-19 21:53:01,529 INFO  org.apache.flink.configuration.GlobalConfiguration           [] - Loading configuration property: jobmanager.rpc.port, 6123
2022-08-19 21:53:01,529 INFO  org.apache.flink.configuration.GlobalConfiguration           [] - Loading configuration property: jobmanager.memory.process.size, 4096m
2022-08-19 21:53:01,529 INFO  org.apache.flink.configuration.GlobalConfiguration           [] - Loading configuration property: jobmanager.scheduler, Custom
2022-08-19 21:53:01,530 INFO  org.apache.flink.configuration.GlobalConfiguration           [] - Loading configuration property: taskmanager.memory.flink.size, 4096m
2022-08-19 21:53:01,530 INFO  org.apache.flink.configuration.GlobalConfiguration           [] - Loading configuration property: taskmanager.numberOfTaskSlots, 2
2022-08-19 21:53:01,530 INFO  org.apache.flink.configuration.GlobalConfiguration           [] - Loading configuration property: parallelism.default, 1
2022-08-19 21:53:01,531 INFO  org.apache.flink.configuration.GlobalConfiguration           [] - Loading configuration property: state.backend, rocksdb
2022-08-19 21:53:01,531 INFO  org.apache.flink.configuration.GlobalConfiguration           [] - Loading configuration property: state.checkpoints.dir, file:////mnt/eestreaming/dependencies/flink-simplified/flinkstate
2022-08-19 21:53:01,531 INFO  org.apache.flink.configuration.GlobalConfiguration           [] - Loading configuration property: jobmanager.execution.failover-strategy, region
2022-08-19 21:53:01,568 INFO  org.apache.flink.runtime.entrypoint.ClusterEntrypoint        [] - Starting StandaloneSessionClusterEntrypoint.
2022-08-19 21:53:01,625 INFO  org.apache.flink.runtime.entrypoint.ClusterEntrypoint        [] - Install default filesystem.
2022-08-19 21:53:01,629 INFO  org.apache.flink.core.fs.FileSystem                          [] - Hadoop is not in the classpath/dependencies. The extended set of supported File Systems via Hadoop is not available.
2022-08-19 21:53:01,679 INFO  org.apache.flink.runtime.entrypoint.ClusterEntrypoint        [] - Install security context.
2022-08-19 21:53:01,694 INFO  org.apache.flink.runtime.security.modules.HadoopModuleFactory [] - Cannot create Hadoop Security Module because Hadoop cannot be found in the Classpath.
2022-08-19 21:53:01,703 INFO  org.apache.flink.runtime.security.modules.JaasModule         [] - Jaas file will be created as /tmp/jaas-2862639138715988540.conf.
2022-08-19 21:53:01,712 INFO  org.apache.flink.runtime.security.contexts.HadoopSecurityContextFactory [] - Cannot install HadoopSecurityContext because Hadoop cannot be found in the Classpath.
2022-08-19 21:53:01,714 INFO  org.apache.flink.runtime.entrypoint.ClusterEntrypoint        [] - Initializing cluster services.
2022-08-19 21:53:02,196 INFO  org.apache.flink.runtime.rpc.akka.AkkaRpcServiceUtils        [] - Trying to start actor system, external address 192.168.1.153:6123, bind address 0.0.0.0:6123.
2022-08-19 21:53:03,374 INFO  akka.event.slf4j.Slf4jLogger                                 [] - Slf4jLogger started
2022-08-19 21:53:03,415 INFO  akka.remote.RemoteActorRefProvider                           [] - Akka Cluster not in use - enabling unsafe features anyway because `akka.remote.use-unsafe-remote-features-outside-cluster` has been enabled.
2022-08-19 21:53:03,416 INFO  akka.remote.Remoting                                         [] - Starting remoting
2022-08-19 21:53:03,624 INFO  akka.remote.Remoting                                         [] - Remoting started; listening on addresses :[akka.tcp://flink@192.168.1.153:6123]
2022-08-19 21:53:03,799 INFO  org.apache.flink.runtime.rpc.akka.AkkaRpcServiceUtils        [] - Actor system started at akka.tcp://flink@192.168.1.153:6123
2022-08-19 21:53:03,835 INFO  org.apache.flink.configuration.Configuration                 [] - Config uses fallback configuration key 'jobmanager.rpc.address' instead of key 'rest.address'
2022-08-19 21:53:03,844 INFO  org.apache.flink.runtime.blob.BlobServer                     [] - Created BLOB server storage directory /tmp/blobStore-7a6d6cf0-dfad-41f0-9c14-e13bffebe053
2022-08-19 21:53:03,848 INFO  org.apache.flink.runtime.blob.BlobServer                     [] - Started BLOB server at 0.0.0.0:32775 - max concurrent requests: 50 - max backlog: 1000
2022-08-19 21:53:03,877 INFO  org.apache.flink.runtime.metrics.MetricRegistryImpl          [] - No metrics reporter configured, no metrics will be exposed/reported.
2022-08-19 21:53:03,882 INFO  org.apache.flink.runtime.rpc.akka.AkkaRpcServiceUtils        [] - Trying to start actor system, external address 192.168.1.153:0, bind address 0.0.0.0:0.
2022-08-19 21:53:03,906 INFO  akka.event.slf4j.Slf4jLogger                                 [] - Slf4jLogger started
2022-08-19 21:53:03,911 INFO  akka.remote.RemoteActorRefProvider                           [] - Akka Cluster not in use - enabling unsafe features anyway because `akka.remote.use-unsafe-remote-features-outside-cluster` has been enabled.
2022-08-19 21:53:03,912 INFO  akka.remote.Remoting                                         [] - Starting remoting
2022-08-19 21:53:03,924 INFO  akka.remote.Remoting                                         [] - Remoting started; listening on addresses :[akka.tcp://flink-metrics@192.168.1.153:45653]
2022-08-19 21:53:03,940 INFO  org.apache.flink.runtime.rpc.akka.AkkaRpcServiceUtils        [] - Actor system started at akka.tcp://flink-metrics@192.168.1.153:45653
2022-08-19 21:53:03,956 INFO  org.apache.flink.runtime.rpc.akka.AkkaRpcService             [] - Starting RPC endpoint for org.apache.flink.runtime.metrics.dump.MetricQueryService at akka://flink-metrics/user/rpc/MetricQueryService .
2022-08-19 21:53:03,983 INFO  org.apache.flink.runtime.dispatcher.FileExecutionGraphInfoStore [] - Initializing FileExecutionGraphInfoStore: Storage directory /tmp/executionGraphStore-3c81fc1c-5737-4cf1-8612-c411b005e189, expiration time 3600000, maximum cache size 52428800 bytes.
2022-08-19 21:53:04,039 INFO  org.apache.flink.configuration.Configuration                 [] - Config uses fallback configuration key 'jobmanager.rpc.address' instead of key 'rest.address'
2022-08-19 21:53:04,040 INFO  org.apache.flink.runtime.dispatcher.DispatcherRestEndpoint   [] - Upload directory /tmp/flink-web-a23aa0ae-785e-43a9-af59-05eab28f6f98/flink-web-upload does not exist. 
2022-08-19 21:53:04,041 INFO  org.apache.flink.runtime.dispatcher.DispatcherRestEndpoint   [] - Created directory /tmp/flink-web-a23aa0ae-785e-43a9-af59-05eab28f6f98/flink-web-upload for file uploads.
2022-08-19 21:53:04,043 INFO  org.apache.flink.runtime.dispatcher.DispatcherRestEndpoint   [] - Starting rest endpoint.
2022-08-19 21:53:04,349 INFO  org.apache.flink.runtime.webmonitor.WebMonitorUtils          [] - Determined location of main cluster component log file: /mnt/eestreaming/dependencies/flink-simplified/flink-dist/target/flink-1.14.0-bin/flink-1.14.0/log/flink-root-standalonesession-0-neu-15-3.log
2022-08-19 21:53:04,349 INFO  org.apache.flink.runtime.webmonitor.WebMonitorUtils          [] - Determined location of main cluster component stdout file: /mnt/eestreaming/dependencies/flink-simplified/flink-dist/target/flink-1.14.0-bin/flink-1.14.0/log/flink-root-standalonesession-0-neu-15-3.out
2022-08-19 21:53:04,583 INFO  org.apache.flink.runtime.dispatcher.DispatcherRestEndpoint   [] - Rest endpoint listening at 192.168.1.153:8081
2022-08-19 21:53:04,585 INFO  org.apache.flink.runtime.dispatcher.DispatcherRestEndpoint   [] - http://192.168.1.153:8081 was granted leadership with leaderSessionID=00000000-0000-0000-0000-000000000000
2022-08-19 21:53:04,586 INFO  org.apache.flink.runtime.dispatcher.DispatcherRestEndpoint   [] - Web frontend listening at http://192.168.1.153:8081.
2022-08-19 21:53:04,620 INFO  org.apache.flink.runtime.dispatcher.runner.DefaultDispatcherRunner [] - DefaultDispatcherRunner was granted leadership with leader id 00000000-0000-0000-0000-000000000000. Creating new DispatcherLeaderProcess.
2022-08-19 21:53:04,627 INFO  org.apache.flink.runtime.dispatcher.runner.SessionDispatcherLeaderProcess [] - Start SessionDispatcherLeaderProcess.
2022-08-19 21:53:04,629 INFO  org.apache.flink.runtime.resourcemanager.ResourceManagerServiceImpl [] - Starting resource manager service.
2022-08-19 21:53:04,629 INFO  org.apache.flink.runtime.dispatcher.runner.SessionDispatcherLeaderProcess [] - Recover all persisted job graphs.
2022-08-19 21:53:04,630 INFO  org.apache.flink.runtime.dispatcher.runner.SessionDispatcherLeaderProcess [] - Successfully recovered 0 persisted job graphs.
2022-08-19 21:53:04,630 INFO  org.apache.flink.runtime.resourcemanager.ResourceManagerServiceImpl [] - Resource manager service is granted leadership with session id 00000000-0000-0000-0000-000000000000.
2022-08-19 21:53:04,647 INFO  org.apache.flink.runtime.rpc.akka.AkkaRpcService             [] - Starting RPC endpoint for org.apache.flink.runtime.dispatcher.StandaloneDispatcher at akka://flink/user/rpc/dispatcher_0 .
2022-08-19 21:53:04,653 INFO  org.apache.flink.runtime.rpc.akka.AkkaRpcService             [] - Starting RPC endpoint for org.apache.flink.runtime.resourcemanager.StandaloneResourceManager at akka://flink/user/rpc/resourcemanager_1 .
2022-08-19 21:53:04,669 INFO  org.apache.flink.runtime.resourcemanager.StandaloneResourceManager [] - Starting the resource manager.
2022-08-19 21:53:05,962 INFO  org.apache.flink.runtime.resourcemanager.StandaloneResourceManager [] - Registering TaskManager with ResourceID 192.168.1.9:42971-2262d3 (akka.tcp://flink@192.168.1.9:42971/user/rpc/taskmanager_0) at ResourceManager
2022-08-19 21:53:05,993 INFO  org.apache.flink.runtime.resourcemanager.slotmanager.DeclarativeSlotManager [] - mylog registerTaskManager Registering task executor 192.168.1.9:42971-2262d3 under 0f37451211da671b995e4ab4bbd14e8e at the slot manager.
2022-08-19 21:53:06,439 INFO  org.apache.flink.runtime.resourcemanager.StandaloneResourceManager [] - Registering TaskManager with ResourceID 192.168.1.153:43883-e10f6b (akka.tcp://flink@192.168.1.153:43883/user/rpc/taskmanager_0) at ResourceManager
2022-08-19 21:53:06,463 INFO  org.apache.flink.runtime.resourcemanager.slotmanager.DeclarativeSlotManager [] - mylog registerTaskManager Registering task executor 192.168.1.153:43883-e10f6b under 7c8d2adc455343148269411c130b5781 at the slot manager.
2022-08-19 21:53:10,375 INFO  org.apache.flink.runtime.dispatcher.StandaloneDispatcher     [] - Received JobGraph submission 'Nexmark Query1' (41747141105859ddbe6a70e21158eb18).
2022-08-19 21:53:10,376 INFO  org.apache.flink.runtime.dispatcher.StandaloneDispatcher     [] - Submitting job 'Nexmark Query1' (41747141105859ddbe6a70e21158eb18).
2022-08-19 21:53:10,409 INFO  org.apache.flink.runtime.rpc.akka.AkkaRpcService             [] - Starting RPC endpoint for org.apache.flink.runtime.jobmaster.JobMaster at akka://flink/user/rpc/jobmanager_2 .
2022-08-19 21:53:10,420 INFO  org.apache.flink.runtime.jobmaster.JobMaster                 [] - Initializing job 'Nexmark Query1' (41747141105859ddbe6a70e21158eb18).
2022-08-19 21:53:10,437 INFO  org.apache.flink.runtime.jobmaster.slotpool.LocationPreferenceSlotSelectionStrategy [] - mylog LocationPreferenceSlotSelectionStrategy createDefault
2022-08-19 21:53:10,453 INFO  org.apache.flink.runtime.jobmaster.JobMaster                 [] - Using restart back off time strategy FixedDelayRestartBackoffTimeStrategy(maxNumberRestartAttempts=2147483647, backoffTimeMS=1000) for Nexmark Query1 (41747141105859ddbe6a70e21158eb18).
2022-08-19 21:53:10,494 INFO  org.apache.flink.runtime.jobmaster.JobMaster                 [] - Running initialization on master for job Nexmark Query1 (41747141105859ddbe6a70e21158eb18).
2022-08-19 21:53:10,495 INFO  org.apache.flink.runtime.jobmaster.JobMaster                 [] - Successfully ran initialization on master in 0 ms.
2022-08-19 21:53:10,525 INFO  org.apache.flink.runtime.scheduler.adapter.DefaultExecutionTopology [] - Built 1 pipelined regions in 0 ms
2022-08-19 21:53:10,600 INFO  org.apache.flink.runtime.jobmaster.JobMaster                 [] - Using job/cluster config to configure application-defined state backend: EmbeddedRocksDBStateBackend{, localRocksDbDirectories=null, enableIncrementalCheckpointing=FALSE, numberOfTransferThreads=4, writeBatchSize=2097152}
2022-08-19 21:53:10,603 INFO  org.apache.flink.contrib.streaming.state.EmbeddedRocksDBStateBackend [] - Using predefined options: DEFAULT.
2022-08-19 21:53:10,604 INFO  org.apache.flink.contrib.streaming.state.EmbeddedRocksDBStateBackend [] - Using application-defined options factory: DefaultConfigurableOptionsFactory{configuredOptions={}}.
2022-08-19 21:53:10,604 INFO  org.apache.flink.runtime.jobmaster.JobMaster                 [] - Using application-defined state backend: EmbeddedRocksDBStateBackend{, localRocksDbDirectories=null, enableIncrementalCheckpointing=FALSE, numberOfTransferThreads=4, writeBatchSize=2097152}
2022-08-19 21:53:10,604 INFO  org.apache.flink.runtime.state.StateBackendLoader            [] - State backend loader loads the state backend as EmbeddedRocksDBStateBackend
2022-08-19 21:53:10,610 INFO  org.apache.flink.runtime.jobmaster.JobMaster                 [] - Checkpoint storage is set to 'filesystem': (checkpoints "file:/mnt/eestreaming/dependencies/flink-simplified/flinkstate")
2022-08-19 21:53:10,629 INFO  org.apache.flink.runtime.checkpoint.CheckpointCoordinator    [] - No checkpoint found during restore.
2022-08-19 21:53:10,636 INFO  org.apache.flink.runtime.jobmaster.JobMaster                 [] - Using failover strategy org.apache.flink.runtime.executiongraph.failover.flip1.RestartPipelinedRegionFailoverStrategy@7378b23a for Nexmark Query1 (41747141105859ddbe6a70e21158eb18).
2022-08-19 21:53:10,653 INFO  org.apache.flink.runtime.jobmaster.JobMaster                 [] - Starting execution of job 'Nexmark Query1' (41747141105859ddbe6a70e21158eb18) under job master id 00000000000000000000000000000000.
2022-08-19 21:53:10,655 INFO  org.apache.flink.runtime.jobmaster.JobMaster                 [] - Starting scheduling with scheduling strategy [org.apache.flink.runtime.scheduler.strategy.PipelinedRegionSchedulingStrategy]
2022-08-19 21:53:10,655 INFO  org.apache.flink.runtime.executiongraph.ExecutionGraph       [] - Job Nexmark Query1 (41747141105859ddbe6a70e21158eb18) switched from state CREATED to RUNNING.
2022-08-19 21:53:10,664 INFO  org.apache.flink.runtime.executiongraph.ExecutionGraph       [] - mylog Execution Source: Bids Source (1/1) (0dabca3a08559fc29f141370a4b4607d) switched from CREATED to SCHEDULED.
2022-08-19 21:53:10,664 INFO  org.apache.flink.runtime.executiongraph.ExecutionGraph       [] - mylog Execution Mapper (1/2) (4f6fa7e04df3a819ec0426b9a30797c4) switched from CREATED to SCHEDULED.
2022-08-19 21:53:10,664 INFO  org.apache.flink.runtime.executiongraph.ExecutionGraph       [] - mylog Execution Mapper (2/2) (eece1072b5900ae3817c360651bfc5a0) switched from CREATED to SCHEDULED.
2022-08-19 21:53:10,665 INFO  org.apache.flink.runtime.executiongraph.ExecutionGraph       [] - mylog Execution Latency Sink (1/1) (805562dee4fc72fd5659dfd3f4c6222c) switched from CREATED to SCHEDULED.
2022-08-19 21:53:10,667 INFO  org.apache.flink.runtime.jobmaster.JobMaster                 [] - mylog customscheduler allocateSlots mapEVST2EVID d0fdb9c6859d778b65cf8bc10eeef578_0 Source: Bids Source (1/1) 192.168.1.153
2022-08-19 21:53:10,667 INFO  org.apache.flink.runtime.jobmaster.JobMaster                 [] - mylog customscheduler allocateSlots mapEVST2EVID afcfe443e23d73c4737dc3635c2866c0_0 Mapper (1/2) 192.168.1.9
2022-08-19 21:53:10,667 INFO  org.apache.flink.runtime.jobmaster.JobMaster                 [] - mylog customscheduler allocateSlots mapEVST2EVID afcfe443e23d73c4737dc3635c2866c0_1 Mapper (2/2) 192.168.1.9
2022-08-19 21:53:10,668 INFO  org.apache.flink.runtime.jobmaster.JobMaster                 [] - mylog customscheduler allocateSlots mapEVST2EVID 6108a2b01f8518cedda14db837358577_0 Latency Sink (1/1) 192.168.1.153
2022-08-19 21:53:10,668 INFO  org.apache.flink.runtime.scheduler.SlotSharingExecutionSlotAllocator [] - mylog allocateSlotsFor_Custom ExecutionVertexID d0fdb9c6859d778b65cf8bc10eeef578_0
2022-08-19 21:53:10,668 INFO  org.apache.flink.runtime.scheduler.SlotSharingExecutionSlotAllocator [] - mylog allocateSlotsFor_Custom ExecutionVertexID afcfe443e23d73c4737dc3635c2866c0_0
2022-08-19 21:53:10,668 INFO  org.apache.flink.runtime.scheduler.SlotSharingExecutionSlotAllocator [] - mylog allocateSlotsFor_Custom ExecutionVertexID afcfe443e23d73c4737dc3635c2866c0_1
2022-08-19 21:53:10,668 INFO  org.apache.flink.runtime.scheduler.SlotSharingExecutionSlotAllocator [] - mylog allocateSlotsFor_Custom ExecutionVertexID 6108a2b01f8518cedda14db837358577_0
2022-08-19 21:53:10,670 INFO  org.apache.flink.runtime.scheduler.SlotSharingExecutionSlotAllocator [] - mylog allocateSlotsFor_Custom executionsByGroup_size=4 
2022-08-19 21:53:10,671 INFO  org.apache.flink.runtime.scheduler.SlotSharingExecutionSlotAllocator [] - mylog allocateSlotsFor_Custom executionsByGroup_val_size=1 
2022-08-19 21:53:10,671 INFO  org.apache.flink.runtime.scheduler.SlotSharingExecutionSlotAllocator [] - mylog allocateSlotsFor_Custom executionsByGroup_val_id=d0fdb9c6859d778b65cf8bc10eeef578_0 
2022-08-19 21:53:10,672 INFO  org.apache.flink.runtime.scheduler.SlotSharingExecutionSlotAllocator [] - mylog allocateSlotsFor_Custom executionsByGroup_key_id=d0fdb9c6859d778b65cf8bc10eeef578_0 
2022-08-19 21:53:10,672 INFO  org.apache.flink.runtime.scheduler.SlotSharingExecutionSlotAllocator [] - mylog allocateSlotsFor_Custom executionsByGroup_val_size=1 
2022-08-19 21:53:10,672 INFO  org.apache.flink.runtime.scheduler.SlotSharingExecutionSlotAllocator [] - mylog allocateSlotsFor_Custom executionsByGroup_val_id=afcfe443e23d73c4737dc3635c2866c0_0 
2022-08-19 21:53:10,672 INFO  org.apache.flink.runtime.scheduler.SlotSharingExecutionSlotAllocator [] - mylog allocateSlotsFor_Custom executionsByGroup_key_id=afcfe443e23d73c4737dc3635c2866c0_0 
2022-08-19 21:53:10,672 INFO  org.apache.flink.runtime.scheduler.SlotSharingExecutionSlotAllocator [] - mylog allocateSlotsFor_Custom executionsByGroup_val_size=1 
2022-08-19 21:53:10,672 INFO  org.apache.flink.runtime.scheduler.SlotSharingExecutionSlotAllocator [] - mylog allocateSlotsFor_Custom executionsByGroup_val_id=6108a2b01f8518cedda14db837358577_0 
2022-08-19 21:53:10,672 INFO  org.apache.flink.runtime.scheduler.SlotSharingExecutionSlotAllocator [] - mylog allocateSlotsFor_Custom executionsByGroup_key_id=6108a2b01f8518cedda14db837358577_0 
2022-08-19 21:53:10,672 INFO  org.apache.flink.runtime.scheduler.SlotSharingExecutionSlotAllocator [] - mylog allocateSlotsFor_Custom executionsByGroup_val_size=1 
2022-08-19 21:53:10,673 INFO  org.apache.flink.runtime.scheduler.SlotSharingExecutionSlotAllocator [] - mylog allocateSlotsFor_Custom executionsByGroup_val_id=afcfe443e23d73c4737dc3635c2866c0_1 
2022-08-19 21:53:10,673 INFO  org.apache.flink.runtime.scheduler.SlotSharingExecutionSlotAllocator [] - mylog allocateSlotsFor_Custom executionsByGroup_key_id=afcfe443e23d73c4737dc3635c2866c0_1 
2022-08-19 21:53:10,675 INFO  org.apache.flink.runtime.scheduler.SlotSharingExecutionSlotAllocator [] - mylog getOrAllocateSharedSlot group.getExecutionVertexIds -------------------- 
2022-08-19 21:53:10,675 INFO  org.apache.flink.runtime.scheduler.SlotSharingExecutionSlotAllocator [] - mylog getOrAllocateSharedSlot group.getExecutionVertexIds d0fdb9c6859d778b65cf8bc10eeef578_0
2022-08-19 21:53:10,676 INFO  org.apache.flink.runtime.scheduler.SlotSharingExecutionSlotAllocator [] - mylog getOrAllocateSharedSlot group.getExecutionVertexIds -------------------- org.apache.flink.runtime.scheduler.ExecutionSlotSharingGroup@6e5cebb8 d0fdb9c6859d778b65cf8bc10eeef578_0
2022-08-19 21:53:10,679 INFO  org.apache.flink.runtime.jobmaster.slotpool.PhysicalSlotProviderImpl [] - mylog Received slot request [SlotRequestId{184c250de34b79750e40b9d6134b64fc}] with resource requirements: ResourceProfile{UNKNOWN}
2022-08-19 21:53:10,680 INFO  org.apache.flink.runtime.jobmaster.slotpool.LocationPreferenceSlotSelectionStrategy [] - mylog LocationPreferenceSlotSelectionStrategy selectBestSlotForProfile 1
2022-08-19 21:53:10,682 INFO  org.apache.flink.runtime.jobmaster.slotpool.DeclarativeSlotPoolBridge [] - mylog requestNewAllocatedSlot Request new allocated slot with slot request id SlotRequestId{184c250de34b79750e40b9d6134b64fc} and resource profile ResourceProfile{UNKNOWN}
2022-08-19 21:53:10,686 INFO  org.apache.flink.runtime.scheduler.SlotSharingExecutionSlotAllocator [] - mylog getOrAllocateSharedSlot group.getExecutionVertexIds -------------------- 
2022-08-19 21:53:10,686 INFO  org.apache.flink.runtime.scheduler.SlotSharingExecutionSlotAllocator [] - mylog getOrAllocateSharedSlot group.getExecutionVertexIds afcfe443e23d73c4737dc3635c2866c0_0
2022-08-19 21:53:10,686 INFO  org.apache.flink.runtime.scheduler.SlotSharingExecutionSlotAllocator [] - mylog getOrAllocateSharedSlot group.getExecutionVertexIds -------------------- org.apache.flink.runtime.scheduler.ExecutionSlotSharingGroup@bf4fe5f afcfe443e23d73c4737dc3635c2866c0_0
2022-08-19 21:53:10,687 INFO  org.apache.flink.runtime.jobmaster.slotpool.PhysicalSlotProviderImpl [] - mylog Received slot request [SlotRequestId{b74b2c9e74f5b2255dec0ac2c2f85c61}] with resource requirements: ResourceProfile{UNKNOWN}
2022-08-19 21:53:10,687 INFO  org.apache.flink.runtime.jobmaster.slotpool.LocationPreferenceSlotSelectionStrategy [] - mylog LocationPreferenceSlotSelectionStrategy selectBestSlotForProfile 1
2022-08-19 21:53:10,687 INFO  org.apache.flink.runtime.jobmaster.slotpool.DeclarativeSlotPoolBridge [] - mylog requestNewAllocatedSlot Request new allocated slot with slot request id SlotRequestId{b74b2c9e74f5b2255dec0ac2c2f85c61} and resource profile ResourceProfile{UNKNOWN}
2022-08-19 21:53:10,688 INFO  org.apache.flink.runtime.scheduler.SlotSharingExecutionSlotAllocator [] - mylog getOrAllocateSharedSlot group.getExecutionVertexIds -------------------- 
2022-08-19 21:53:10,688 INFO  org.apache.flink.runtime.scheduler.SlotSharingExecutionSlotAllocator [] - mylog getOrAllocateSharedSlot group.getExecutionVertexIds 6108a2b01f8518cedda14db837358577_0
2022-08-19 21:53:10,688 INFO  org.apache.flink.runtime.scheduler.SlotSharingExecutionSlotAllocator [] - mylog getOrAllocateSharedSlot group.getExecutionVertexIds -------------------- org.apache.flink.runtime.scheduler.ExecutionSlotSharingGroup@7c7d9411 6108a2b01f8518cedda14db837358577_0
2022-08-19 21:53:10,688 INFO  org.apache.flink.runtime.jobmaster.slotpool.PhysicalSlotProviderImpl [] - mylog Received slot request [SlotRequestId{60851ed562305ea48501cd6b49fa34ea}] with resource requirements: ResourceProfile{UNKNOWN}
2022-08-19 21:53:10,688 INFO  org.apache.flink.runtime.jobmaster.slotpool.LocationPreferenceSlotSelectionStrategy [] - mylog LocationPreferenceSlotSelectionStrategy selectBestSlotForProfile 1
2022-08-19 21:53:10,688 INFO  org.apache.flink.runtime.jobmaster.slotpool.DeclarativeSlotPoolBridge [] - mylog requestNewAllocatedSlot Request new allocated slot with slot request id SlotRequestId{60851ed562305ea48501cd6b49fa34ea} and resource profile ResourceProfile{UNKNOWN}
2022-08-19 21:53:10,688 INFO  org.apache.flink.runtime.scheduler.SlotSharingExecutionSlotAllocator [] - mylog getOrAllocateSharedSlot group.getExecutionVertexIds -------------------- 
2022-08-19 21:53:10,689 INFO  org.apache.flink.runtime.scheduler.SlotSharingExecutionSlotAllocator [] - mylog getOrAllocateSharedSlot group.getExecutionVertexIds afcfe443e23d73c4737dc3635c2866c0_1
2022-08-19 21:53:10,689 INFO  org.apache.flink.runtime.scheduler.SlotSharingExecutionSlotAllocator [] - mylog getOrAllocateSharedSlot group.getExecutionVertexIds -------------------- org.apache.flink.runtime.scheduler.ExecutionSlotSharingGroup@27cc5b2 afcfe443e23d73c4737dc3635c2866c0_1
2022-08-19 21:53:10,689 INFO  org.apache.flink.runtime.jobmaster.slotpool.PhysicalSlotProviderImpl [] - mylog Received slot request [SlotRequestId{86f17bd10a41eb5f86aa510b170d352c}] with resource requirements: ResourceProfile{UNKNOWN}
2022-08-19 21:53:10,689 INFO  org.apache.flink.runtime.jobmaster.slotpool.LocationPreferenceSlotSelectionStrategy [] - mylog LocationPreferenceSlotSelectionStrategy selectBestSlotForProfile 1
2022-08-19 21:53:10,689 INFO  org.apache.flink.runtime.jobmaster.slotpool.DeclarativeSlotPoolBridge [] - mylog requestNewAllocatedSlot Request new allocated slot with slot request id SlotRequestId{86f17bd10a41eb5f86aa510b170d352c} and resource profile ResourceProfile{UNKNOWN}
2022-08-19 21:53:10,689 INFO  org.apache.flink.runtime.scheduler.SlotSharingExecutionSlotAllocator [] - mylog allocateSlotsFor_Custom getPhysicalSlotRequestId SlotRequestId{184c250de34b79750e40b9d6134b64fc}
2022-08-19 21:53:10,690 INFO  org.apache.flink.runtime.scheduler.SharedSlot                [] - mylog allocateNonExistentLogicalSlot Request a logical slot (SlotRequestId{5f40a902c4be9b02ca910ae19790f1c6}) for execution vertex (id d0fdb9c6859d778b65cf8bc10eeef578_0) from the physical slot (SlotRequestId{184c250de34b79750e40b9d6134b64fc})
2022-08-19 21:53:10,692 INFO  org.apache.flink.runtime.scheduler.SlotSharingExecutionSlotAllocator [] - mylog SharedSlot allocateLogicalSlot executionId d0fdb9c6859d778b65cf8bc10eeef578_0 logicalSlotFuture java.util.concurrent.CompletableFuture@7afefe4f[Not completed]
2022-08-19 21:53:10,692 INFO  org.apache.flink.runtime.scheduler.SlotSharingExecutionSlotAllocator [] - mylog allocateSlotsFor_Custom getPhysicalSlotRequestId SlotRequestId{b74b2c9e74f5b2255dec0ac2c2f85c61}
2022-08-19 21:53:10,692 INFO  org.apache.flink.runtime.scheduler.SharedSlot                [] - mylog allocateNonExistentLogicalSlot Request a logical slot (SlotRequestId{98e1aeddcb5a041ced286d03badd3d9f}) for execution vertex (id afcfe443e23d73c4737dc3635c2866c0_0) from the physical slot (SlotRequestId{b74b2c9e74f5b2255dec0ac2c2f85c61})
2022-08-19 21:53:10,692 INFO  org.apache.flink.runtime.scheduler.SlotSharingExecutionSlotAllocator [] - mylog SharedSlot allocateLogicalSlot executionId afcfe443e23d73c4737dc3635c2866c0_0 logicalSlotFuture java.util.concurrent.CompletableFuture@7689e4cf[Not completed]
2022-08-19 21:53:10,692 INFO  org.apache.flink.runtime.scheduler.SlotSharingExecutionSlotAllocator [] - mylog allocateSlotsFor_Custom getPhysicalSlotRequestId SlotRequestId{60851ed562305ea48501cd6b49fa34ea}
2022-08-19 21:53:10,692 INFO  org.apache.flink.runtime.scheduler.SharedSlot                [] - mylog allocateNonExistentLogicalSlot Request a logical slot (SlotRequestId{0fb99dca52a045013953d66d17bf5a71}) for execution vertex (id 6108a2b01f8518cedda14db837358577_0) from the physical slot (SlotRequestId{60851ed562305ea48501cd6b49fa34ea})
2022-08-19 21:53:10,692 INFO  org.apache.flink.runtime.scheduler.SlotSharingExecutionSlotAllocator [] - mylog SharedSlot allocateLogicalSlot executionId 6108a2b01f8518cedda14db837358577_0 logicalSlotFuture java.util.concurrent.CompletableFuture@31ff5d35[Not completed]
2022-08-19 21:53:10,693 INFO  org.apache.flink.runtime.scheduler.SlotSharingExecutionSlotAllocator [] - mylog allocateSlotsFor_Custom getPhysicalSlotRequestId SlotRequestId{86f17bd10a41eb5f86aa510b170d352c}
2022-08-19 21:53:10,693 INFO  org.apache.flink.runtime.scheduler.SharedSlot                [] - mylog allocateNonExistentLogicalSlot Request a logical slot (SlotRequestId{6db7ce5ecfb411f25c37f057917b2d8b}) for execution vertex (id afcfe443e23d73c4737dc3635c2866c0_1) from the physical slot (SlotRequestId{86f17bd10a41eb5f86aa510b170d352c})
2022-08-19 21:53:10,693 INFO  org.apache.flink.runtime.scheduler.SlotSharingExecutionSlotAllocator [] - mylog SharedSlot allocateLogicalSlot executionId afcfe443e23d73c4737dc3635c2866c0_1 logicalSlotFuture java.util.concurrent.CompletableFuture@4fbe2579[Not completed]
2022-08-19 21:53:10,693 INFO  org.apache.flink.runtime.scheduler.SlotSharingExecutionSlotAllocator [] - mylog allocateSlotsFor_Custom executionsByGroup_size 4
2022-08-19 21:53:10,693 INFO  org.apache.flink.runtime.scheduler.SlotSharingExecutionSlotAllocator [] - mylog allocateSlotsFor_Custom slots_size 4
2022-08-19 21:53:10,693 INFO  org.apache.flink.runtime.scheduler.SlotSharingExecutionSlotAllocator [] - mylog allocateSlotsFor_Custom assignments_size 4
2022-08-19 21:53:10,696 INFO  org.apache.flink.runtime.jobmaster.JobMaster                 [] - mylog customscheduler slotExecutionVertexAssignments d0fdb9c6859d778b65cf8bc10eeef578_0 
2022-08-19 21:53:10,696 INFO  org.apache.flink.runtime.jobmaster.JobMaster                 [] - mylog customscheduler slotExecutionVertexAssignments afcfe443e23d73c4737dc3635c2866c0_0 
2022-08-19 21:53:10,696 INFO  org.apache.flink.runtime.jobmaster.JobMaster                 [] - mylog customscheduler slotExecutionVertexAssignments afcfe443e23d73c4737dc3635c2866c0_1 
2022-08-19 21:53:10,697 INFO  org.apache.flink.runtime.jobmaster.JobMaster                 [] - mylog customscheduler slotExecutionVertexAssignments 6108a2b01f8518cedda14db837358577_0 
2022-08-19 21:53:10,697 INFO  org.apache.flink.runtime.jobmaster.JobMaster                 [] - mylog customscheduler assignAllResourcesAndRegisterProducedPartitions d0fdb9c6859d778b65cf8bc10eeef578_0 d0fdb9c6859d778b65cf8bc10eeef578_0 java.util.concurrent.CompletableFuture@7afefe4f[Not completed]
2022-08-19 21:53:10,699 INFO  org.apache.flink.runtime.jobmaster.JobMaster                 [] - mylog customscheduler assignAllResourcesAndRegisterProducedPartitions afcfe443e23d73c4737dc3635c2866c0_0 afcfe443e23d73c4737dc3635c2866c0_0 java.util.concurrent.CompletableFuture@7689e4cf[Not completed]
2022-08-19 21:53:10,699 INFO  org.apache.flink.runtime.jobmaster.JobMaster                 [] - mylog customscheduler assignAllResourcesAndRegisterProducedPartitions afcfe443e23d73c4737dc3635c2866c0_1 afcfe443e23d73c4737dc3635c2866c0_1 java.util.concurrent.CompletableFuture@4fbe2579[Not completed]
2022-08-19 21:53:10,699 INFO  org.apache.flink.runtime.jobmaster.JobMaster                 [] - mylog customscheduler assignAllResourcesAndRegisterProducedPartitions 6108a2b01f8518cedda14db837358577_0 6108a2b01f8518cedda14db837358577_0 java.util.concurrent.CompletableFuture@31ff5d35[Not completed]
2022-08-19 21:53:10,707 INFO  org.apache.flink.runtime.jobmaster.JobMaster                 [] - Connecting to ResourceManager akka.tcp://flink@192.168.1.153:6123/user/rpc/resourcemanager_*(00000000000000000000000000000000)
2022-08-19 21:53:10,712 INFO  org.apache.flink.runtime.jobmaster.JobMaster                 [] - Resolved ResourceManager address, beginning registration
2022-08-19 21:53:10,713 INFO  org.apache.flink.runtime.resourcemanager.StandaloneResourceManager [] - Registering job manager 00000000000000000000000000000000@akka.tcp://flink@192.168.1.153:6123/user/rpc/jobmanager_2 for job 41747141105859ddbe6a70e21158eb18.
2022-08-19 21:53:10,720 INFO  org.apache.flink.runtime.resourcemanager.StandaloneResourceManager [] - Registered job manager 00000000000000000000000000000000@akka.tcp://flink@192.168.1.153:6123/user/rpc/jobmanager_2 for job 41747141105859ddbe6a70e21158eb18.
2022-08-19 21:53:10,722 INFO  org.apache.flink.runtime.jobmaster.JobMaster                 [] - JobManager successfully registered at ResourceManager, leader id: 00000000000000000000000000000000.
2022-08-19 21:53:10,730 INFO  org.apache.flink.runtime.resourcemanager.slotmanager.DeclarativeSlotManager [] - Received resource requirements from job 41747141105859ddbe6a70e21158eb18: [ResourceRequirement{resourceProfile=ResourceProfile{UNKNOWN}, numberOfRequiredSlots=4}]
2022-08-19 21:53:10,733 INFO  org.apache.flink.runtime.resourcemanager.slotmanager.AnyMatchingSlotMatchingStrategy [] - myinfo AnyMatchingSlotMatchingStrategy findMatchingSlot 
2022-08-19 21:53:10,734 INFO  org.apache.flink.runtime.resourcemanager.slotmanager.DeclarativeSlotManager [] - mylog DeclarativeSlotManager allocateSlot Starting allocation of slot 192.168.1.9:42971-2262d3_0 for job 41747141105859ddbe6a70e21158eb18 with resource profile ResourceProfile{UNKNOWN}.
2022-08-19 21:53:10,738 INFO  org.apache.flink.runtime.resourcemanager.slotmanager.AnyMatchingSlotMatchingStrategy [] - myinfo AnyMatchingSlotMatchingStrategy findMatchingSlot 
2022-08-19 21:53:10,738 INFO  org.apache.flink.runtime.resourcemanager.slotmanager.DeclarativeSlotManager [] - mylog DeclarativeSlotManager allocateSlot Starting allocation of slot 192.168.1.9:42971-2262d3_1 for job 41747141105859ddbe6a70e21158eb18 with resource profile ResourceProfile{UNKNOWN}.
2022-08-19 21:53:10,740 INFO  org.apache.flink.runtime.resourcemanager.slotmanager.AnyMatchingSlotMatchingStrategy [] - myinfo AnyMatchingSlotMatchingStrategy findMatchingSlot 
2022-08-19 21:53:10,740 INFO  org.apache.flink.runtime.resourcemanager.slotmanager.DeclarativeSlotManager [] - mylog DeclarativeSlotManager allocateSlot Starting allocation of slot 192.168.1.153:43883-e10f6b_0 for job 41747141105859ddbe6a70e21158eb18 with resource profile ResourceProfile{UNKNOWN}.
2022-08-19 21:53:10,741 INFO  org.apache.flink.runtime.resourcemanager.slotmanager.AnyMatchingSlotMatchingStrategy [] - myinfo AnyMatchingSlotMatchingStrategy findMatchingSlot 
2022-08-19 21:53:10,741 INFO  org.apache.flink.runtime.resourcemanager.slotmanager.DeclarativeSlotManager [] - mylog DeclarativeSlotManager allocateSlot Starting allocation of slot 192.168.1.153:43883-e10f6b_1 for job 41747141105859ddbe6a70e21158eb18 with resource profile ResourceProfile{UNKNOWN}.
2022-08-19 21:53:10,799 INFO  org.apache.flink.runtime.jobmaster.slotpool.DefaultDeclarativeSlotPool [] - mylog offerSlots Received 2 slot offers from TaskExecutor 192.168.1.9:42971-2262d3 @ neu-5-9 (dataPort=36831).
2022-08-19 21:53:10,801 INFO  org.apache.flink.runtime.jobmaster.slotpool.DefaultDeclarativeSlotPool [] - mylog offerSlots Acquired new resources; new total acquired resources: ResourceCounter{resources={ResourceProfile{UNKNOWN}=2}}
2022-08-19 21:53:10,801 INFO  org.apache.flink.runtime.jobmaster.slotpool.DeclarativeSlotPoolBridge [] - mylog newSlotsAreAvailable 2 
2022-08-19 21:53:10,801 INFO  org.apache.flink.runtime.jobmaster.slotpool.DeclarativeSlotPoolBridge [] - mylog newSlotsAreAvailable  1e7170cf4b5d017bbf230cd0ed247cd2 
2022-08-19 21:53:10,801 INFO  org.apache.flink.runtime.jobmaster.slotpool.DeclarativeSlotPoolBridge [] - mylog newSlotsAreAvailable  caa21fa1d183bb1cc8845a8932e07808 
2022-08-19 21:53:10,801 INFO  org.apache.flink.runtime.jobmaster.slotpool.DeclarativeSlotPoolBridge [] - findMatchingPendingRequest workdir /mnt/eestreaming/dependencies/flink-simplified/flink-dist/target/flink-1.14.0-bin/flink-1.14.0/bin
2022-08-19 21:53:10,802 INFO  org.apache.flink.runtime.jobmaster.slotpool.DeclarativeSlotPoolBridge [] - findMatchingPendingRequest slot_ip 192.168.1.9:42971-2262d3 @ neu-5-9 (dataPort=36831)
2022-08-19 21:53:10,802 INFO  org.apache.flink.configuration.GlobalConfiguration           [] - Loading configuration property: jobmanager.rpc.address, 192.168.1.153
2022-08-19 21:53:10,802 INFO  org.apache.flink.configuration.GlobalConfiguration           [] - Loading configuration property: jobmanager.rpc.port, 6123
2022-08-19 21:53:10,803 INFO  org.apache.flink.configuration.GlobalConfiguration           [] - Loading configuration property: jobmanager.memory.process.size, 4096m
2022-08-19 21:53:10,803 INFO  org.apache.flink.configuration.GlobalConfiguration           [] - Loading configuration property: jobmanager.scheduler, Custom
2022-08-19 21:53:10,803 INFO  org.apache.flink.configuration.GlobalConfiguration           [] - Loading configuration property: taskmanager.memory.flink.size, 4096m
2022-08-19 21:53:10,803 INFO  org.apache.flink.configuration.GlobalConfiguration           [] - Loading configuration property: taskmanager.numberOfTaskSlots, 2
2022-08-19 21:53:10,803 INFO  org.apache.flink.configuration.GlobalConfiguration           [] - Loading configuration property: parallelism.default, 1
2022-08-19 21:53:10,804 INFO  org.apache.flink.configuration.GlobalConfiguration           [] - Loading configuration property: state.backend, rocksdb
2022-08-19 21:53:10,804 INFO  org.apache.flink.configuration.GlobalConfiguration           [] - Loading configuration property: state.checkpoints.dir, file:////mnt/eestreaming/dependencies/flink-simplified/flinkstate
2022-08-19 21:53:10,804 INFO  org.apache.flink.configuration.GlobalConfiguration           [] - Loading configuration property: jobmanager.execution.failover-strategy, region
2022-08-19 21:53:10,804 INFO  org.apache.flink.runtime.jobmaster.slotpool.DeclarativeSlotPoolBridge [] - findMatchingPendingRequest JobManagerOptions.SchedulerType=Custom
2022-08-19 21:53:10,805 INFO  org.apache.flink.runtime.jobmaster.slotpool.DeclarativeSlotPoolBridge [] - findMatchingPendingRequest custom_matching    pendingRequest.getSlotRequestId().getpreferredLocation=192.168.1.153    slot.getTaskManagerLocation=192.168.1.9:42971-2262d3 @ neu-5-9 (dataPort=36831)
2022-08-19 21:53:10,805 INFO  org.apache.flink.runtime.jobmaster.slotpool.DeclarativeSlotPoolBridge [] - findMatchingPendingRequest custom_matching    pendingRequest.getSlotRequestId().getpreferredLocation=192.168.1.9    slot.getTaskManagerLocation=192.168.1.9:42971-2262d3 @ neu-5-9 (dataPort=36831)
2022-08-19 21:53:10,806 INFO  org.apache.flink.runtime.jobmaster.slotpool.DeclarativeSlotPoolBridge [] - findMatchingPendingRequest workdir /mnt/eestreaming/dependencies/flink-simplified/flink-dist/target/flink-1.14.0-bin/flink-1.14.0/bin
2022-08-19 21:53:10,806 INFO  org.apache.flink.runtime.jobmaster.slotpool.DeclarativeSlotPoolBridge [] - findMatchingPendingRequest slot_ip 192.168.1.9:42971-2262d3 @ neu-5-9 (dataPort=36831)
2022-08-19 21:53:10,806 INFO  org.apache.flink.configuration.GlobalConfiguration           [] - Loading configuration property: jobmanager.rpc.address, 192.168.1.153
2022-08-19 21:53:10,806 INFO  org.apache.flink.configuration.GlobalConfiguration           [] - Loading configuration property: jobmanager.rpc.port, 6123
2022-08-19 21:53:10,807 INFO  org.apache.flink.configuration.GlobalConfiguration           [] - Loading configuration property: jobmanager.memory.process.size, 4096m
2022-08-19 21:53:10,807 INFO  org.apache.flink.configuration.GlobalConfiguration           [] - Loading configuration property: jobmanager.scheduler, Custom
2022-08-19 21:53:10,807 INFO  org.apache.flink.configuration.GlobalConfiguration           [] - Loading configuration property: taskmanager.memory.flink.size, 4096m
2022-08-19 21:53:10,807 INFO  org.apache.flink.configuration.GlobalConfiguration           [] - Loading configuration property: taskmanager.numberOfTaskSlots, 2
2022-08-19 21:53:10,807 INFO  org.apache.flink.configuration.GlobalConfiguration           [] - Loading configuration property: parallelism.default, 1
2022-08-19 21:53:10,807 INFO  org.apache.flink.configuration.GlobalConfiguration           [] - Loading configuration property: state.backend, rocksdb
2022-08-19 21:53:10,808 INFO  org.apache.flink.configuration.GlobalConfiguration           [] - Loading configuration property: state.checkpoints.dir, file:////mnt/eestreaming/dependencies/flink-simplified/flinkstate
2022-08-19 21:53:10,808 INFO  org.apache.flink.configuration.GlobalConfiguration           [] - Loading configuration property: jobmanager.execution.failover-strategy, region
2022-08-19 21:53:10,808 INFO  org.apache.flink.runtime.jobmaster.slotpool.DeclarativeSlotPoolBridge [] - findMatchingPendingRequest JobManagerOptions.SchedulerType=Custom
2022-08-19 21:53:10,809 INFO  org.apache.flink.runtime.jobmaster.slotpool.DeclarativeSlotPoolBridge [] - findMatchingPendingRequest custom_matching    pendingRequest.getSlotRequestId().getpreferredLocation=192.168.1.153    slot.getTaskManagerLocation=192.168.1.9:42971-2262d3 @ neu-5-9 (dataPort=36831)
2022-08-19 21:53:10,809 INFO  org.apache.flink.runtime.jobmaster.slotpool.DeclarativeSlotPoolBridge [] - findMatchingPendingRequest custom_matching    pendingRequest.getSlotRequestId().getpreferredLocation=192.168.1.153    slot.getTaskManagerLocation=192.168.1.9:42971-2262d3 @ neu-5-9 (dataPort=36831)
2022-08-19 21:53:10,809 INFO  org.apache.flink.runtime.jobmaster.slotpool.DeclarativeSlotPoolBridge [] - findMatchingPendingRequest custom_matching    pendingRequest.getSlotRequestId().getpreferredLocation=192.168.1.9    slot.getTaskManagerLocation=192.168.1.9:42971-2262d3 @ neu-5-9 (dataPort=36831)
2022-08-19 21:53:10,809 INFO  org.apache.flink.runtime.jobmaster.slotpool.PhysicalSlotRequest [] - mylog new PhysicalSlotRequest.Result slotRequestId SlotRequestId{b74b2c9e74f5b2255dec0ac2c2f85c61}    physicalSlot 192.168.1.9:42971-2262d3 @ neu-5-9 (dataPort=36831)
2022-08-19 21:53:10,809 INFO  org.apache.flink.runtime.scheduler.SharedSlot                [] - mylog allocateNonExistentLogicalSlot Allocated logical slot (SlotRequestId{98e1aeddcb5a041ced286d03badd3d9f}) for execution vertex (id afcfe443e23d73c4737dc3635c2866c0_0) from the physical slot (SlotRequestId{b74b2c9e74f5b2255dec0ac2c2f85c61}) physicalSlot.getTaskManagerLocation 192.168.1.9:42971-2262d3 @ neu-5-9 (dataPort=36831) 
2022-08-19 21:53:10,809 INFO  org.apache.flink.runtime.scheduler.SharedSlot                [] - mylog createLogicalSlot 192.168.1.9:42971-2262d3 @ neu-5-9 (dataPort=36831) SlotRequestId{98e1aeddcb5a041ced286d03badd3d9f} 
2022-08-19 21:53:10,811 INFO  org.apache.flink.runtime.executiongraph.ExecutionGraph       [] - mylog Execution tryAssignResource true SCHEDULED 192.168.1.9:42971-2262d3 @ neu-5-9 (dataPort=36831) afcfe443e23d73c4737dc3635c2866c0_0 Mapper (1/2)
2022-08-19 21:53:10,811 INFO  org.apache.flink.runtime.jobmaster.JobMaster                 [] - mylog customscheduler tryAssignResource: getTaskNameWithSubtaskIndex = Mapper (1/2) ; executionVertexId = afcfe443e23d73c4737dc3635c2866c0_0 ; getAllocationId = 1e7170cf4b5d017bbf230cd0ed247cd2 ; getTaskManagerLocation = 192.168.1.9:42971-2262d3 @ neu-5-9 (dataPort=36831) ; getTaskManagerGateway = org.apache.flink.runtime.jobmaster.RpcTaskManagerGateway@2b57654a 
2022-08-19 21:53:10,823 INFO  org.apache.flink.runtime.jobmaster.slotpool.PhysicalSlotRequest [] - mylog new PhysicalSlotRequest.Result slotRequestId SlotRequestId{86f17bd10a41eb5f86aa510b170d352c}    physicalSlot 192.168.1.9:42971-2262d3 @ neu-5-9 (dataPort=36831)
2022-08-19 21:53:10,823 INFO  org.apache.flink.runtime.scheduler.SharedSlot                [] - mylog allocateNonExistentLogicalSlot Allocated logical slot (SlotRequestId{6db7ce5ecfb411f25c37f057917b2d8b}) for execution vertex (id afcfe443e23d73c4737dc3635c2866c0_1) from the physical slot (SlotRequestId{86f17bd10a41eb5f86aa510b170d352c}) physicalSlot.getTaskManagerLocation 192.168.1.9:42971-2262d3 @ neu-5-9 (dataPort=36831) 
2022-08-19 21:53:10,823 INFO  org.apache.flink.runtime.scheduler.SharedSlot                [] - mylog createLogicalSlot 192.168.1.9:42971-2262d3 @ neu-5-9 (dataPort=36831) SlotRequestId{6db7ce5ecfb411f25c37f057917b2d8b} 
2022-08-19 21:53:10,823 INFO  org.apache.flink.runtime.executiongraph.ExecutionGraph       [] - mylog Execution tryAssignResource true SCHEDULED 192.168.1.9:42971-2262d3 @ neu-5-9 (dataPort=36831) afcfe443e23d73c4737dc3635c2866c0_1 Mapper (2/2)
2022-08-19 21:53:10,823 INFO  org.apache.flink.runtime.jobmaster.JobMaster                 [] - mylog customscheduler tryAssignResource: getTaskNameWithSubtaskIndex = Mapper (2/2) ; executionVertexId = afcfe443e23d73c4737dc3635c2866c0_1 ; getAllocationId = caa21fa1d183bb1cc8845a8932e07808 ; getTaskManagerLocation = 192.168.1.9:42971-2262d3 @ neu-5-9 (dataPort=36831) ; getTaskManagerGateway = org.apache.flink.runtime.jobmaster.RpcTaskManagerGateway@2b57654a 
2022-08-19 21:53:10,827 INFO  org.apache.flink.runtime.jobmaster.slotpool.DefaultDeclarativeSlotPool [] - mylog offerSlots Received 2 slot offers from TaskExecutor 192.168.1.153:43883-e10f6b @ neu-15-3 (dataPort=42641).
2022-08-19 21:53:10,827 INFO  org.apache.flink.runtime.jobmaster.slotpool.DefaultDeclarativeSlotPool [] - mylog offerSlots Acquired new resources; new total acquired resources: ResourceCounter{resources={ResourceProfile{UNKNOWN}=4}}
2022-08-19 21:53:10,827 INFO  org.apache.flink.runtime.jobmaster.slotpool.DeclarativeSlotPoolBridge [] - mylog newSlotsAreAvailable 2 
2022-08-19 21:53:10,827 INFO  org.apache.flink.runtime.jobmaster.slotpool.DeclarativeSlotPoolBridge [] - mylog newSlotsAreAvailable  251669a92defec2b5d0201e8a8e01250 
2022-08-19 21:53:10,827 INFO  org.apache.flink.runtime.jobmaster.slotpool.DeclarativeSlotPoolBridge [] - mylog newSlotsAreAvailable  b160872c05f626f8f22b7f6923e7eff1 
2022-08-19 21:53:10,828 INFO  org.apache.flink.runtime.jobmaster.slotpool.DeclarativeSlotPoolBridge [] - findMatchingPendingRequest workdir /mnt/eestreaming/dependencies/flink-simplified/flink-dist/target/flink-1.14.0-bin/flink-1.14.0/bin
2022-08-19 21:53:10,828 INFO  org.apache.flink.runtime.jobmaster.slotpool.DeclarativeSlotPoolBridge [] - findMatchingPendingRequest slot_ip 192.168.1.153:43883-e10f6b @ neu-15-3 (dataPort=42641)
2022-08-19 21:53:10,828 INFO  org.apache.flink.configuration.GlobalConfiguration           [] - Loading configuration property: jobmanager.rpc.address, 192.168.1.153
2022-08-19 21:53:10,828 INFO  org.apache.flink.configuration.GlobalConfiguration           [] - Loading configuration property: jobmanager.rpc.port, 6123
2022-08-19 21:53:10,829 INFO  org.apache.flink.configuration.GlobalConfiguration           [] - Loading configuration property: jobmanager.memory.process.size, 4096m
2022-08-19 21:53:10,829 INFO  org.apache.flink.configuration.GlobalConfiguration           [] - Loading configuration property: jobmanager.scheduler, Custom
2022-08-19 21:53:10,829 INFO  org.apache.flink.configuration.GlobalConfiguration           [] - Loading configuration property: taskmanager.memory.flink.size, 4096m
2022-08-19 21:53:10,829 INFO  org.apache.flink.configuration.GlobalConfiguration           [] - Loading configuration property: taskmanager.numberOfTaskSlots, 2
2022-08-19 21:53:10,829 INFO  org.apache.flink.configuration.GlobalConfiguration           [] - Loading configuration property: parallelism.default, 1
2022-08-19 21:53:10,829 INFO  org.apache.flink.configuration.GlobalConfiguration           [] - Loading configuration property: state.backend, rocksdb
2022-08-19 21:53:10,829 INFO  org.apache.flink.configuration.GlobalConfiguration           [] - Loading configuration property: state.checkpoints.dir, file:////mnt/eestreaming/dependencies/flink-simplified/flinkstate
2022-08-19 21:53:10,830 INFO  org.apache.flink.configuration.GlobalConfiguration           [] - Loading configuration property: jobmanager.execution.failover-strategy, region
2022-08-19 21:53:10,830 INFO  org.apache.flink.runtime.jobmaster.slotpool.DeclarativeSlotPoolBridge [] - findMatchingPendingRequest JobManagerOptions.SchedulerType=Custom
2022-08-19 21:53:10,830 INFO  org.apache.flink.runtime.jobmaster.slotpool.DeclarativeSlotPoolBridge [] - findMatchingPendingRequest custom_matching    pendingRequest.getSlotRequestId().getpreferredLocation=192.168.1.153    slot.getTaskManagerLocation=192.168.1.153:43883-e10f6b @ neu-15-3 (dataPort=42641)
2022-08-19 21:53:10,830 INFO  org.apache.flink.runtime.jobmaster.slotpool.DeclarativeSlotPoolBridge [] - findMatchingPendingRequest workdir /mnt/eestreaming/dependencies/flink-simplified/flink-dist/target/flink-1.14.0-bin/flink-1.14.0/bin
2022-08-19 21:53:10,830 INFO  org.apache.flink.runtime.jobmaster.slotpool.DeclarativeSlotPoolBridge [] - findMatchingPendingRequest slot_ip 192.168.1.153:43883-e10f6b @ neu-15-3 (dataPort=42641)
2022-08-19 21:53:10,831 INFO  org.apache.flink.configuration.GlobalConfiguration           [] - Loading configuration property: jobmanager.rpc.address, 192.168.1.153
2022-08-19 21:53:10,831 INFO  org.apache.flink.configuration.GlobalConfiguration           [] - Loading configuration property: jobmanager.rpc.port, 6123
2022-08-19 21:53:10,831 INFO  org.apache.flink.configuration.GlobalConfiguration           [] - Loading configuration property: jobmanager.memory.process.size, 4096m
2022-08-19 21:53:10,831 INFO  org.apache.flink.configuration.GlobalConfiguration           [] - Loading configuration property: jobmanager.scheduler, Custom
2022-08-19 21:53:10,831 INFO  org.apache.flink.configuration.GlobalConfiguration           [] - Loading configuration property: taskmanager.memory.flink.size, 4096m
2022-08-19 21:53:10,831 INFO  org.apache.flink.configuration.GlobalConfiguration           [] - Loading configuration property: taskmanager.numberOfTaskSlots, 2
2022-08-19 21:53:10,832 INFO  org.apache.flink.configuration.GlobalConfiguration           [] - Loading configuration property: parallelism.default, 1
2022-08-19 21:53:10,832 INFO  org.apache.flink.configuration.GlobalConfiguration           [] - Loading configuration property: state.backend, rocksdb
2022-08-19 21:53:10,832 INFO  org.apache.flink.configuration.GlobalConfiguration           [] - Loading configuration property: state.checkpoints.dir, file:////mnt/eestreaming/dependencies/flink-simplified/flinkstate
2022-08-19 21:53:10,832 INFO  org.apache.flink.configuration.GlobalConfiguration           [] - Loading configuration property: jobmanager.execution.failover-strategy, region
2022-08-19 21:53:10,832 INFO  org.apache.flink.runtime.jobmaster.slotpool.DeclarativeSlotPoolBridge [] - findMatchingPendingRequest JobManagerOptions.SchedulerType=Custom
2022-08-19 21:53:10,832 INFO  org.apache.flink.runtime.jobmaster.slotpool.DeclarativeSlotPoolBridge [] - findMatchingPendingRequest custom_matching    pendingRequest.getSlotRequestId().getpreferredLocation=192.168.1.153    slot.getTaskManagerLocation=192.168.1.153:43883-e10f6b @ neu-15-3 (dataPort=42641)
2022-08-19 21:53:10,833 INFO  org.apache.flink.runtime.jobmaster.slotpool.PhysicalSlotRequest [] - mylog new PhysicalSlotRequest.Result slotRequestId SlotRequestId{184c250de34b79750e40b9d6134b64fc}    physicalSlot 192.168.1.153:43883-e10f6b @ neu-15-3 (dataPort=42641)
2022-08-19 21:53:10,833 INFO  org.apache.flink.runtime.scheduler.SharedSlot                [] - mylog allocateNonExistentLogicalSlot Allocated logical slot (SlotRequestId{5f40a902c4be9b02ca910ae19790f1c6}) for execution vertex (id d0fdb9c6859d778b65cf8bc10eeef578_0) from the physical slot (SlotRequestId{184c250de34b79750e40b9d6134b64fc}) physicalSlot.getTaskManagerLocation 192.168.1.153:43883-e10f6b @ neu-15-3 (dataPort=42641) 
2022-08-19 21:53:10,833 INFO  org.apache.flink.runtime.scheduler.SharedSlot                [] - mylog createLogicalSlot 192.168.1.153:43883-e10f6b @ neu-15-3 (dataPort=42641) SlotRequestId{5f40a902c4be9b02ca910ae19790f1c6} 
2022-08-19 21:53:10,833 INFO  org.apache.flink.runtime.executiongraph.ExecutionGraph       [] - mylog Execution tryAssignResource true SCHEDULED 192.168.1.153:43883-e10f6b @ neu-15-3 (dataPort=42641) d0fdb9c6859d778b65cf8bc10eeef578_0 Source: Bids Source (1/1)
2022-08-19 21:53:10,833 INFO  org.apache.flink.runtime.jobmaster.JobMaster                 [] - mylog customscheduler tryAssignResource: getTaskNameWithSubtaskIndex = Source: Bids Source (1/1) ; executionVertexId = d0fdb9c6859d778b65cf8bc10eeef578_0 ; getAllocationId = 251669a92defec2b5d0201e8a8e01250 ; getTaskManagerLocation = 192.168.1.153:43883-e10f6b @ neu-15-3 (dataPort=42641) ; getTaskManagerGateway = org.apache.flink.runtime.jobmaster.RpcTaskManagerGateway@55fe1891 
2022-08-19 21:53:10,833 INFO  org.apache.flink.runtime.jobmaster.slotpool.PhysicalSlotRequest [] - mylog new PhysicalSlotRequest.Result slotRequestId SlotRequestId{60851ed562305ea48501cd6b49fa34ea}    physicalSlot 192.168.1.153:43883-e10f6b @ neu-15-3 (dataPort=42641)
2022-08-19 21:53:10,833 INFO  org.apache.flink.runtime.scheduler.SharedSlot                [] - mylog allocateNonExistentLogicalSlot Allocated logical slot (SlotRequestId{0fb99dca52a045013953d66d17bf5a71}) for execution vertex (id 6108a2b01f8518cedda14db837358577_0) from the physical slot (SlotRequestId{60851ed562305ea48501cd6b49fa34ea}) physicalSlot.getTaskManagerLocation 192.168.1.153:43883-e10f6b @ neu-15-3 (dataPort=42641) 
2022-08-19 21:53:10,833 INFO  org.apache.flink.runtime.scheduler.SharedSlot                [] - mylog createLogicalSlot 192.168.1.153:43883-e10f6b @ neu-15-3 (dataPort=42641) SlotRequestId{0fb99dca52a045013953d66d17bf5a71} 
2022-08-19 21:53:10,834 INFO  org.apache.flink.runtime.executiongraph.ExecutionGraph       [] - mylog Execution tryAssignResource true SCHEDULED 192.168.1.153:43883-e10f6b @ neu-15-3 (dataPort=42641) 6108a2b01f8518cedda14db837358577_0 Latency Sink (1/1)
2022-08-19 21:53:10,834 INFO  org.apache.flink.runtime.jobmaster.JobMaster                 [] - mylog customscheduler tryAssignResource: getTaskNameWithSubtaskIndex = Latency Sink (1/1) ; executionVertexId = 6108a2b01f8518cedda14db837358577_0 ; getAllocationId = b160872c05f626f8f22b7f6923e7eff1 ; getTaskManagerLocation = 192.168.1.153:43883-e10f6b @ neu-15-3 (dataPort=42641) ; getTaskManagerGateway = org.apache.flink.runtime.jobmaster.RpcTaskManagerGateway@55fe1891 
2022-08-19 21:53:10,834 INFO  org.apache.flink.runtime.executiongraph.ExecutionGraph       [] - mylog Execution Source: Bids Source (1/1) (0dabca3a08559fc29f141370a4b4607d) switched from SCHEDULED to DEPLOYING.
2022-08-19 21:53:10,834 INFO  org.apache.flink.runtime.executiongraph.ExecutionGraph       [] - Deploying Source: Bids Source (1/1) (attempt #0) with attempt id 0dabca3a08559fc29f141370a4b4607d to 192.168.1.153:43883-e10f6b @ neu-15-3 (dataPort=42641) with allocation id 251669a92defec2b5d0201e8a8e01250
2022-08-19 21:53:10,841 INFO  org.apache.flink.runtime.executiongraph.ExecutionGraph       [] - mylog Execution Mapper (1/2) (4f6fa7e04df3a819ec0426b9a30797c4) switched from SCHEDULED to DEPLOYING.
2022-08-19 21:53:10,841 INFO  org.apache.flink.runtime.executiongraph.ExecutionGraph       [] - Deploying Mapper (1/2) (attempt #0) with attempt id 4f6fa7e04df3a819ec0426b9a30797c4 to 192.168.1.9:42971-2262d3 @ neu-5-9 (dataPort=36831) with allocation id 1e7170cf4b5d017bbf230cd0ed247cd2
2022-08-19 21:53:10,850 INFO  org.apache.flink.runtime.executiongraph.ExecutionGraph       [] - mylog Execution Mapper (2/2) (eece1072b5900ae3817c360651bfc5a0) switched from SCHEDULED to DEPLOYING.
2022-08-19 21:53:10,850 INFO  org.apache.flink.runtime.executiongraph.ExecutionGraph       [] - Deploying Mapper (2/2) (attempt #0) with attempt id eece1072b5900ae3817c360651bfc5a0 to 192.168.1.9:42971-2262d3 @ neu-5-9 (dataPort=36831) with allocation id caa21fa1d183bb1cc8845a8932e07808
2022-08-19 21:53:10,850 INFO  org.apache.flink.runtime.executiongraph.ExecutionGraph       [] - mylog Execution Latency Sink (1/1) (805562dee4fc72fd5659dfd3f4c6222c) switched from SCHEDULED to DEPLOYING.
2022-08-19 21:53:10,850 INFO  org.apache.flink.runtime.executiongraph.ExecutionGraph       [] - Deploying Latency Sink (1/1) (attempt #0) with attempt id 805562dee4fc72fd5659dfd3f4c6222c to 192.168.1.153:43883-e10f6b @ neu-15-3 (dataPort=42641) with allocation id b160872c05f626f8f22b7f6923e7eff1
2022-08-19 21:53:11,575 INFO  org.apache.flink.runtime.executiongraph.ExecutionGraph       [] - mylog Execution Mapper (1/2) (4f6fa7e04df3a819ec0426b9a30797c4) switched from DEPLOYING to INITIALIZING.
2022-08-19 21:53:11,576 INFO  org.apache.flink.runtime.executiongraph.ExecutionGraph       [] - mylog Execution Mapper (2/2) (eece1072b5900ae3817c360651bfc5a0) switched from DEPLOYING to INITIALIZING.
2022-08-19 21:53:11,751 INFO  org.apache.flink.runtime.executiongraph.ExecutionGraph       [] - mylog Execution Mapper (2/2) (eece1072b5900ae3817c360651bfc5a0) switched from INITIALIZING to RUNNING.
2022-08-19 21:53:11,752 INFO  org.apache.flink.runtime.executiongraph.ExecutionGraph       [] - mylog Execution Mapper (1/2) (4f6fa7e04df3a819ec0426b9a30797c4) switched from INITIALIZING to RUNNING.
2022-08-19 21:53:11,755 INFO  org.apache.flink.runtime.executiongraph.ExecutionGraph       [] - mylog Execution Source: Bids Source (1/1) (0dabca3a08559fc29f141370a4b4607d) switched from DEPLOYING to INITIALIZING.
2022-08-19 21:53:11,755 INFO  org.apache.flink.runtime.executiongraph.ExecutionGraph       [] - mylog Execution Latency Sink (1/1) (805562dee4fc72fd5659dfd3f4c6222c) switched from DEPLOYING to INITIALIZING.
2022-08-19 21:53:11,967 INFO  org.apache.flink.runtime.executiongraph.ExecutionGraph       [] - mylog Execution Latency Sink (1/1) (805562dee4fc72fd5659dfd3f4c6222c) switched from INITIALIZING to RUNNING.
2022-08-19 21:53:11,993 INFO  org.apache.flink.runtime.executiongraph.ExecutionGraph       [] - mylog Execution Source: Bids Source (1/1) (0dabca3a08559fc29f141370a4b4607d) switched from INITIALIZING to RUNNING.
2022-08-19 21:53:15,523 INFO  org.apache.flink.runtime.checkpoint.CheckpointCoordinator    [] - Triggering checkpoint 1 (type=CHECKPOINT) @ 1660960395498 for job 41747141105859ddbe6a70e21158eb18.
2022-08-19 21:53:15,602 INFO  org.apache.flink.runtime.checkpoint.CheckpointCoordinator    [] - Completed checkpoint 1 for job 41747141105859ddbe6a70e21158eb18 (204 bytes, checkpointDuration=99 ms, finalizationTime=5 ms).
2022-08-19 21:53:20,499 INFO  org.apache.flink.runtime.checkpoint.CheckpointCoordinator    [] - Triggering checkpoint 2 (type=CHECKPOINT) @ 1660960400497 for job 41747141105859ddbe6a70e21158eb18.
2022-08-19 21:53:20,520 INFO  org.apache.flink.runtime.checkpoint.CheckpointCoordinator    [] - Completed checkpoint 2 for job 41747141105859ddbe6a70e21158eb18 (204 bytes, checkpointDuration=20 ms, finalizationTime=3 ms).
2022-08-19 21:53:25,499 INFO  org.apache.flink.runtime.checkpoint.CheckpointCoordinator    [] - Triggering checkpoint 3 (type=CHECKPOINT) @ 1660960405497 for job 41747141105859ddbe6a70e21158eb18.
2022-08-19 21:53:25,516 INFO  org.apache.flink.runtime.checkpoint.CheckpointCoordinator    [] - Completed checkpoint 3 for job 41747141105859ddbe6a70e21158eb18 (204 bytes, checkpointDuration=18 ms, finalizationTime=1 ms).
2022-08-19 21:53:30,499 INFO  org.apache.flink.runtime.checkpoint.CheckpointCoordinator    [] - Triggering checkpoint 4 (type=CHECKPOINT) @ 1660960410497 for job 41747141105859ddbe6a70e21158eb18.
2022-08-19 21:53:30,515 INFO  org.apache.flink.runtime.checkpoint.CheckpointCoordinator    [] - Completed checkpoint 4 for job 41747141105859ddbe6a70e21158eb18 (204 bytes, checkpointDuration=17 ms, finalizationTime=1 ms).
2022-08-19 21:53:35,499 INFO  org.apache.flink.runtime.checkpoint.CheckpointCoordinator    [] - Triggering checkpoint 5 (type=CHECKPOINT) @ 1660960415497 for job 41747141105859ddbe6a70e21158eb18.
2022-08-19 21:53:35,512 INFO  org.apache.flink.runtime.checkpoint.CheckpointCoordinator    [] - Completed checkpoint 5 for job 41747141105859ddbe6a70e21158eb18 (204 bytes, checkpointDuration=15 ms, finalizationTime=0 ms).
2022-08-19 21:53:40,500 INFO  org.apache.flink.runtime.checkpoint.CheckpointCoordinator    [] - Triggering checkpoint 6 (type=CHECKPOINT) @ 1660960420497 for job 41747141105859ddbe6a70e21158eb18.
2022-08-19 21:53:40,513 INFO  org.apache.flink.runtime.checkpoint.CheckpointCoordinator    [] - Completed checkpoint 6 for job 41747141105859ddbe6a70e21158eb18 (204 bytes, checkpointDuration=15 ms, finalizationTime=1 ms).
2022-08-19 21:53:45,499 INFO  org.apache.flink.runtime.checkpoint.CheckpointCoordinator    [] - Triggering checkpoint 7 (type=CHECKPOINT) @ 1660960425497 for job 41747141105859ddbe6a70e21158eb18.
2022-08-19 21:53:45,511 INFO  org.apache.flink.runtime.checkpoint.CheckpointCoordinator    [] - Completed checkpoint 7 for job 41747141105859ddbe6a70e21158eb18 (204 bytes, checkpointDuration=13 ms, finalizationTime=1 ms).
2022-08-19 21:53:50,499 INFO  org.apache.flink.runtime.checkpoint.CheckpointCoordinator    [] - Triggering checkpoint 8 (type=CHECKPOINT) @ 1660960430497 for job 41747141105859ddbe6a70e21158eb18.
2022-08-19 21:53:50,512 INFO  org.apache.flink.runtime.checkpoint.CheckpointCoordinator    [] - Completed checkpoint 8 for job 41747141105859ddbe6a70e21158eb18 (204 bytes, checkpointDuration=15 ms, finalizationTime=0 ms).
2022-08-19 21:53:55,498 INFO  org.apache.flink.runtime.checkpoint.CheckpointCoordinator    [] - Triggering checkpoint 9 (type=CHECKPOINT) @ 1660960435497 for job 41747141105859ddbe6a70e21158eb18.
2022-08-19 21:53:55,510 INFO  org.apache.flink.runtime.checkpoint.CheckpointCoordinator    [] - Completed checkpoint 9 for job 41747141105859ddbe6a70e21158eb18 (204 bytes, checkpointDuration=13 ms, finalizationTime=0 ms).
2022-08-19 21:54:00,499 INFO  org.apache.flink.runtime.checkpoint.CheckpointCoordinator    [] - Triggering checkpoint 10 (type=CHECKPOINT) @ 1660960440497 for job 41747141105859ddbe6a70e21158eb18.
2022-08-19 21:54:00,513 INFO  org.apache.flink.runtime.checkpoint.CheckpointCoordinator    [] - Completed checkpoint 10 for job 41747141105859ddbe6a70e21158eb18 (204 bytes, checkpointDuration=15 ms, finalizationTime=1 ms).
2022-08-19 21:54:05,499 INFO  org.apache.flink.runtime.checkpoint.CheckpointCoordinator    [] - Triggering checkpoint 11 (type=CHECKPOINT) @ 1660960445497 for job 41747141105859ddbe6a70e21158eb18.
2022-08-19 21:54:05,510 INFO  org.apache.flink.runtime.checkpoint.CheckpointCoordinator    [] - Completed checkpoint 11 for job 41747141105859ddbe6a70e21158eb18 (204 bytes, checkpointDuration=13 ms, finalizationTime=0 ms).
2022-08-19 21:54:10,498 INFO  org.apache.flink.runtime.checkpoint.CheckpointCoordinator    [] - Triggering checkpoint 12 (type=CHECKPOINT) @ 1660960450497 for job 41747141105859ddbe6a70e21158eb18.
2022-08-19 21:54:10,508 INFO  org.apache.flink.runtime.checkpoint.CheckpointCoordinator    [] - Completed checkpoint 12 for job 41747141105859ddbe6a70e21158eb18 (204 bytes, checkpointDuration=11 ms, finalizationTime=0 ms).
2022-08-19 21:54:12,022 INFO  org.apache.flink.runtime.executiongraph.ExecutionGraph       [] - mylog Execution Source: Bids Source (1/1) (0dabca3a08559fc29f141370a4b4607d) switched from RUNNING to FINISHED.
2022-08-19 21:54:12,026 INFO  org.apache.flink.runtime.jobmaster.slotpool.DeclarativeSlotPoolBridge [] - mylog newSlotsAreAvailable 1 
2022-08-19 21:54:12,026 INFO  org.apache.flink.runtime.jobmaster.slotpool.DeclarativeSlotPoolBridge [] - mylog newSlotsAreAvailable  251669a92defec2b5d0201e8a8e01250 
2022-08-19 21:54:12,026 INFO  org.apache.flink.runtime.jobmaster.slotpool.DeclarativeSlotPoolBridge [] - findMatchingPendingRequest workdir /mnt/eestreaming/dependencies/flink-simplified/flink-dist/target/flink-1.14.0-bin/flink-1.14.0/bin
2022-08-19 21:54:12,027 INFO  org.apache.flink.runtime.jobmaster.slotpool.DeclarativeSlotPoolBridge [] - findMatchingPendingRequest slot_ip 192.168.1.153:43883-e10f6b @ neu-15-3 (dataPort=42641)
2022-08-19 21:54:12,027 INFO  org.apache.flink.configuration.GlobalConfiguration           [] - Loading configuration property: jobmanager.rpc.address, 192.168.1.153
2022-08-19 21:54:12,027 INFO  org.apache.flink.configuration.GlobalConfiguration           [] - Loading configuration property: jobmanager.rpc.port, 6123
2022-08-19 21:54:12,027 INFO  org.apache.flink.configuration.GlobalConfiguration           [] - Loading configuration property: jobmanager.memory.process.size, 4096m
2022-08-19 21:54:12,027 INFO  org.apache.flink.configuration.GlobalConfiguration           [] - Loading configuration property: jobmanager.scheduler, Custom
2022-08-19 21:54:12,028 INFO  org.apache.flink.configuration.GlobalConfiguration           [] - Loading configuration property: taskmanager.memory.flink.size, 4096m
2022-08-19 21:54:12,028 INFO  org.apache.flink.configuration.GlobalConfiguration           [] - Loading configuration property: taskmanager.numberOfTaskSlots, 2
2022-08-19 21:54:12,028 INFO  org.apache.flink.configuration.GlobalConfiguration           [] - Loading configuration property: parallelism.default, 1
2022-08-19 21:54:12,028 INFO  org.apache.flink.configuration.GlobalConfiguration           [] - Loading configuration property: state.backend, rocksdb
2022-08-19 21:54:12,028 INFO  org.apache.flink.configuration.GlobalConfiguration           [] - Loading configuration property: state.checkpoints.dir, file:////mnt/eestreaming/dependencies/flink-simplified/flinkstate
2022-08-19 21:54:12,028 INFO  org.apache.flink.configuration.GlobalConfiguration           [] - Loading configuration property: jobmanager.execution.failover-strategy, region
2022-08-19 21:54:12,029 INFO  org.apache.flink.runtime.jobmaster.slotpool.DeclarativeSlotPoolBridge [] - findMatchingPendingRequest JobManagerOptions.SchedulerType=Custom
2022-08-19 21:54:12,037 INFO  org.apache.flink.runtime.jobmaster.slotpool.DeclarativeSlotPoolBridge [] - Could not match slot AllocatedSlot 251669a92defec2b5d0201e8a8e01250 @ 192.168.1.153:43883-e10f6b @ neu-15-3 (dataPort=42641) - 0 to any pending request.
2022-08-19 21:54:12,038 INFO  org.apache.flink.runtime.resourcemanager.slotmanager.DeclarativeSlotManager [] - Received resource requirements from job 41747141105859ddbe6a70e21158eb18: [ResourceRequirement{resourceProfile=ResourceProfile{UNKNOWN}, numberOfRequiredSlots=3}]
2022-08-19 21:54:12,040 INFO  org.apache.flink.runtime.executiongraph.ExecutionGraph       [] - mylog Execution Mapper (1/2) (4f6fa7e04df3a819ec0426b9a30797c4) switched from RUNNING to FINISHED.
2022-08-19 21:54:12,041 INFO  org.apache.flink.runtime.jobmaster.slotpool.DeclarativeSlotPoolBridge [] - mylog newSlotsAreAvailable 1 
2022-08-19 21:54:12,041 INFO  org.apache.flink.runtime.jobmaster.slotpool.DeclarativeSlotPoolBridge [] - mylog newSlotsAreAvailable  1e7170cf4b5d017bbf230cd0ed247cd2 
2022-08-19 21:54:12,041 INFO  org.apache.flink.runtime.jobmaster.slotpool.DeclarativeSlotPoolBridge [] - findMatchingPendingRequest workdir /mnt/eestreaming/dependencies/flink-simplified/flink-dist/target/flink-1.14.0-bin/flink-1.14.0/bin
2022-08-19 21:54:12,041 INFO  org.apache.flink.runtime.jobmaster.slotpool.DeclarativeSlotPoolBridge [] - findMatchingPendingRequest slot_ip 192.168.1.9:42971-2262d3 @ neu-5-9 (dataPort=36831)
2022-08-19 21:54:12,041 INFO  org.apache.flink.configuration.GlobalConfiguration           [] - Loading configuration property: jobmanager.rpc.address, 192.168.1.153
2022-08-19 21:54:12,041 INFO  org.apache.flink.configuration.GlobalConfiguration           [] - Loading configuration property: jobmanager.rpc.port, 6123
2022-08-19 21:54:12,042 INFO  org.apache.flink.configuration.GlobalConfiguration           [] - Loading configuration property: jobmanager.memory.process.size, 4096m
2022-08-19 21:54:12,042 INFO  org.apache.flink.configuration.GlobalConfiguration           [] - Loading configuration property: jobmanager.scheduler, Custom
2022-08-19 21:54:12,042 INFO  org.apache.flink.configuration.GlobalConfiguration           [] - Loading configuration property: taskmanager.memory.flink.size, 4096m
2022-08-19 21:54:12,042 INFO  org.apache.flink.configuration.GlobalConfiguration           [] - Loading configuration property: taskmanager.numberOfTaskSlots, 2
2022-08-19 21:54:12,042 INFO  org.apache.flink.configuration.GlobalConfiguration           [] - Loading configuration property: parallelism.default, 1
2022-08-19 21:54:12,042 INFO  org.apache.flink.configuration.GlobalConfiguration           [] - Loading configuration property: state.backend, rocksdb
2022-08-19 21:54:12,042 INFO  org.apache.flink.configuration.GlobalConfiguration           [] - Loading configuration property: state.checkpoints.dir, file:////mnt/eestreaming/dependencies/flink-simplified/flinkstate
2022-08-19 21:54:12,042 INFO  org.apache.flink.configuration.GlobalConfiguration           [] - Loading configuration property: jobmanager.execution.failover-strategy, region
2022-08-19 21:54:12,043 INFO  org.apache.flink.runtime.jobmaster.slotpool.DeclarativeSlotPoolBridge [] - findMatchingPendingRequest JobManagerOptions.SchedulerType=Custom
2022-08-19 21:54:12,043 INFO  org.apache.flink.runtime.jobmaster.slotpool.DeclarativeSlotPoolBridge [] - Could not match slot AllocatedSlot 1e7170cf4b5d017bbf230cd0ed247cd2 @ 192.168.1.9:42971-2262d3 @ neu-5-9 (dataPort=36831) - 0 to any pending request.
2022-08-19 21:54:12,043 INFO  org.apache.flink.runtime.resourcemanager.slotmanager.DeclarativeSlotManager [] - Received resource requirements from job 41747141105859ddbe6a70e21158eb18: [ResourceRequirement{resourceProfile=ResourceProfile{UNKNOWN}, numberOfRequiredSlots=2}]
2022-08-19 21:54:12,044 INFO  org.apache.flink.runtime.executiongraph.ExecutionGraph       [] - mylog Execution Mapper (2/2) (eece1072b5900ae3817c360651bfc5a0) switched from RUNNING to FINISHED.
2022-08-19 21:54:12,044 INFO  org.apache.flink.runtime.jobmaster.slotpool.DeclarativeSlotPoolBridge [] - mylog newSlotsAreAvailable 1 
2022-08-19 21:54:12,044 INFO  org.apache.flink.runtime.jobmaster.slotpool.DeclarativeSlotPoolBridge [] - mylog newSlotsAreAvailable  caa21fa1d183bb1cc8845a8932e07808 
2022-08-19 21:54:12,045 INFO  org.apache.flink.runtime.jobmaster.slotpool.DeclarativeSlotPoolBridge [] - findMatchingPendingRequest workdir /mnt/eestreaming/dependencies/flink-simplified/flink-dist/target/flink-1.14.0-bin/flink-1.14.0/bin
2022-08-19 21:54:12,045 INFO  org.apache.flink.runtime.jobmaster.slotpool.DeclarativeSlotPoolBridge [] - findMatchingPendingRequest slot_ip 192.168.1.9:42971-2262d3 @ neu-5-9 (dataPort=36831)
2022-08-19 21:54:12,045 INFO  org.apache.flink.configuration.GlobalConfiguration           [] - Loading configuration property: jobmanager.rpc.address, 192.168.1.153
2022-08-19 21:54:12,045 INFO  org.apache.flink.configuration.GlobalConfiguration           [] - Loading configuration property: jobmanager.rpc.port, 6123
2022-08-19 21:54:12,045 INFO  org.apache.flink.configuration.GlobalConfiguration           [] - Loading configuration property: jobmanager.memory.process.size, 4096m
2022-08-19 21:54:12,045 INFO  org.apache.flink.configuration.GlobalConfiguration           [] - Loading configuration property: jobmanager.scheduler, Custom
2022-08-19 21:54:12,045 INFO  org.apache.flink.configuration.GlobalConfiguration           [] - Loading configuration property: taskmanager.memory.flink.size, 4096m
2022-08-19 21:54:12,045 INFO  org.apache.flink.configuration.GlobalConfiguration           [] - Loading configuration property: taskmanager.numberOfTaskSlots, 2
2022-08-19 21:54:12,046 INFO  org.apache.flink.configuration.GlobalConfiguration           [] - Loading configuration property: parallelism.default, 1
2022-08-19 21:54:12,046 INFO  org.apache.flink.configuration.GlobalConfiguration           [] - Loading configuration property: state.backend, rocksdb
2022-08-19 21:54:12,046 INFO  org.apache.flink.configuration.GlobalConfiguration           [] - Loading configuration property: state.checkpoints.dir, file:////mnt/eestreaming/dependencies/flink-simplified/flinkstate
2022-08-19 21:54:12,046 INFO  org.apache.flink.configuration.GlobalConfiguration           [] - Loading configuration property: jobmanager.execution.failover-strategy, region
2022-08-19 21:54:12,046 INFO  org.apache.flink.runtime.jobmaster.slotpool.DeclarativeSlotPoolBridge [] - findMatchingPendingRequest JobManagerOptions.SchedulerType=Custom
2022-08-19 21:54:12,046 INFO  org.apache.flink.runtime.jobmaster.slotpool.DeclarativeSlotPoolBridge [] - Could not match slot AllocatedSlot caa21fa1d183bb1cc8845a8932e07808 @ 192.168.1.9:42971-2262d3 @ neu-5-9 (dataPort=36831) - 1 to any pending request.
2022-08-19 21:54:12,047 INFO  org.apache.flink.runtime.resourcemanager.slotmanager.DeclarativeSlotManager [] - Received resource requirements from job 41747141105859ddbe6a70e21158eb18: [ResourceRequirement{resourceProfile=ResourceProfile{UNKNOWN}, numberOfRequiredSlots=1}]
2022-08-19 21:54:12,048 INFO  org.apache.flink.runtime.executiongraph.ExecutionGraph       [] - mylog Execution Latency Sink (1/1) (805562dee4fc72fd5659dfd3f4c6222c) switched from RUNNING to FINISHED.
2022-08-19 21:54:12,048 INFO  org.apache.flink.runtime.jobmaster.slotpool.DeclarativeSlotPoolBridge [] - mylog newSlotsAreAvailable 1 
2022-08-19 21:54:12,048 INFO  org.apache.flink.runtime.jobmaster.slotpool.DeclarativeSlotPoolBridge [] - mylog newSlotsAreAvailable  b160872c05f626f8f22b7f6923e7eff1 
2022-08-19 21:54:12,048 INFO  org.apache.flink.runtime.jobmaster.slotpool.DeclarativeSlotPoolBridge [] - findMatchingPendingRequest workdir /mnt/eestreaming/dependencies/flink-simplified/flink-dist/target/flink-1.14.0-bin/flink-1.14.0/bin
2022-08-19 21:54:12,048 INFO  org.apache.flink.runtime.jobmaster.slotpool.DeclarativeSlotPoolBridge [] - findMatchingPendingRequest slot_ip 192.168.1.153:43883-e10f6b @ neu-15-3 (dataPort=42641)
2022-08-19 21:54:12,049 INFO  org.apache.flink.configuration.GlobalConfiguration           [] - Loading configuration property: jobmanager.rpc.address, 192.168.1.153
2022-08-19 21:54:12,049 INFO  org.apache.flink.configuration.GlobalConfiguration           [] - Loading configuration property: jobmanager.rpc.port, 6123
2022-08-19 21:54:12,049 INFO  org.apache.flink.configuration.GlobalConfiguration           [] - Loading configuration property: jobmanager.memory.process.size, 4096m
2022-08-19 21:54:12,049 INFO  org.apache.flink.configuration.GlobalConfiguration           [] - Loading configuration property: jobmanager.scheduler, Custom
2022-08-19 21:54:12,049 INFO  org.apache.flink.configuration.GlobalConfiguration           [] - Loading configuration property: taskmanager.memory.flink.size, 4096m
2022-08-19 21:54:12,049 INFO  org.apache.flink.configuration.GlobalConfiguration           [] - Loading configuration property: taskmanager.numberOfTaskSlots, 2
2022-08-19 21:54:12,050 INFO  org.apache.flink.configuration.GlobalConfiguration           [] - Loading configuration property: parallelism.default, 1
2022-08-19 21:54:12,050 INFO  org.apache.flink.configuration.GlobalConfiguration           [] - Loading configuration property: state.backend, rocksdb
2022-08-19 21:54:12,050 INFO  org.apache.flink.configuration.GlobalConfiguration           [] - Loading configuration property: state.checkpoints.dir, file:////mnt/eestreaming/dependencies/flink-simplified/flinkstate
2022-08-19 21:54:12,050 INFO  org.apache.flink.configuration.GlobalConfiguration           [] - Loading configuration property: jobmanager.execution.failover-strategy, region
2022-08-19 21:54:12,050 INFO  org.apache.flink.runtime.jobmaster.slotpool.DeclarativeSlotPoolBridge [] - findMatchingPendingRequest JobManagerOptions.SchedulerType=Custom
2022-08-19 21:54:12,050 INFO  org.apache.flink.runtime.jobmaster.slotpool.DeclarativeSlotPoolBridge [] - Could not match slot AllocatedSlot b160872c05f626f8f22b7f6923e7eff1 @ 192.168.1.153:43883-e10f6b @ neu-15-3 (dataPort=42641) - 1 to any pending request.
2022-08-19 21:54:12,051 INFO  org.apache.flink.runtime.executiongraph.ExecutionGraph       [] - Job Nexmark Query1 (41747141105859ddbe6a70e21158eb18) switched from state RUNNING to FINISHED.
2022-08-19 21:54:12,051 INFO  org.apache.flink.runtime.checkpoint.CheckpointCoordinator    [] - Stopping checkpoint coordinator for job 41747141105859ddbe6a70e21158eb18.
2022-08-19 21:54:12,051 INFO  org.apache.flink.runtime.resourcemanager.slotmanager.DeclarativeSlotManager [] - Clearing resource requirements of job 41747141105859ddbe6a70e21158eb18
2022-08-19 21:54:12,054 INFO  org.apache.flink.runtime.dispatcher.StandaloneDispatcher     [] - Job 41747141105859ddbe6a70e21158eb18 reached terminal state FINISHED.
2022-08-19 21:54:12,101 INFO  org.apache.flink.runtime.jobmaster.JobMaster                 [] - Stopping the JobMaster for job 'Nexmark Query1' (41747141105859ddbe6a70e21158eb18).
2022-08-19 21:54:12,107 INFO  org.apache.flink.runtime.checkpoint.StandaloneCompletedCheckpointStore [] - Shutting down
2022-08-19 21:54:12,108 INFO  org.apache.flink.runtime.jobmaster.slotpool.DefaultDeclarativeSlotPool [] - Releasing slot [caa21fa1d183bb1cc8845a8932e07808].
2022-08-19 21:54:12,116 INFO  org.apache.flink.runtime.jobmaster.slotpool.DefaultDeclarativeSlotPool [] - Releasing slot [1e7170cf4b5d017bbf230cd0ed247cd2].
2022-08-19 21:54:12,117 INFO  org.apache.flink.runtime.jobmaster.slotpool.DefaultDeclarativeSlotPool [] - Releasing slot [251669a92defec2b5d0201e8a8e01250].
2022-08-19 21:54:12,117 INFO  org.apache.flink.runtime.jobmaster.slotpool.DefaultDeclarativeSlotPool [] - Releasing slot [b160872c05f626f8f22b7f6923e7eff1].
2022-08-19 21:54:12,118 INFO  org.apache.flink.runtime.jobmaster.JobMaster                 [] - Close ResourceManager connection d29d8b769347070d5e697b33d28c26e4: Stopping JobMaster for job 'Nexmark Query1' (41747141105859ddbe6a70e21158eb18).
2022-08-19 21:54:12,119 INFO  org.apache.flink.runtime.resourcemanager.StandaloneResourceManager [] - Disconnect job manager 00000000000000000000000000000000@akka.tcp://flink@192.168.1.153:6123/user/rpc/jobmanager_2 for job 41747141105859ddbe6a70e21158eb18 from the resource manager.
